2024-12-19 13:49:19,459 [INFO] Initialized TradingStrategy1 with ID: 55
2024-12-19 13:49:19,461 [INFO] Strategy started for strategy id: 55
2024-12-19 13:49:19,477 [INFO] websocket started
2024-12-19 13:49:19,494 [INFO] New Levels, Current: Level 0 | 13.550 | 55, Next: Level 1 | 12.195 | 55, Previous: None
2024-12-19 13:49:19,494 [INFO] Placing initial market order.. for level: Level 0 | 13.550 | 55
2024-12-19 13:49:19,496 [INFO] Placing initial market order...Level 0 | 13.550 | 55
2024-12-19 13:49:19,498 [DEBUG] Extracting Price for Level: Level 0 | 13.550 | 55
2024-12-19 13:49:19,498 [DEBUG] Order Price: 13.55, Quantity: 25
2024-12-19 13:49:19,499 [INFO] Creating order data
2024-12-19 13:49:19,501 [INFO] Placing order for level: {'symbol': 'NSE:NIFTY24D1923950CE', 'qty': 25, 'type': 2, 'side': 1, 'productType': 'INTRADAY', 'limitPrice': None, 'validity': 'DAY'}
2024-12-19 13:49:19,735 [INFO] Handling order response after placing order {'code': 1101, 'message': 'Successfully placed order', 's': 'ok', 'id': '24121900340033'}
2024-12-19 13:49:19,743 [DEBUG] Entry order object created:.....
2024-12-19 13:49:19,744 [INFO] Processing after placing the order
2024-12-19 13:49:19,744 [DEBUG] Order placed successfully: 24121900340033
2024-12-19 13:49:19,744 [INFO] Processing next Level Index: 0
2024-12-19 13:49:19,745 [INFO] reached here second time
2024-12-19 13:49:19,751 [INFO] New Levels, Current: Level 0 | 13.550 | 55, Next: Level 1 | 12.195 | 55, Previous: None
2024-12-19 13:49:19,752 [DEBUG] Processing Level: 0, Current: Level 0 | 13.550 | 55, Previous: None, Next: Level 1 | 12.195 | 55
2024-12-19 13:49:19,752 [DEBUG] Extracting Price for Level: Level 1 | 12.195 | 55
2024-12-19 13:49:19,752 [DEBUG] Order Price: 12.200000000000001, Quantity: 25
2024-12-19 13:49:19,753 [INFO] Creating order data
2024-12-19 13:49:19,753 [INFO] Placing order for level: {'symbol': 'NSE:NIFTY24D1923950CE', 'qty': 25, 'type': 1, 'side': 1, 'productType': 'INTRADAY', 'limitPrice': 12.200000000000001, 'validity': 'DAY'}
2024-12-19 13:49:19,904 [INFO] Handling order response after placing order {'code': 1101, 'message': 'Successfully placed order', 's': 'ok', 'id': '24121900340036'}
2024-12-19 13:49:19,911 [DEBUG] Entry order object created:.....
2024-12-19 13:49:19,911 [INFO] Processing after placing the order
2024-12-19 13:49:19,911 [DEBUG] Order placed successfully: 24121900340036
2024-12-19 13:49:19,912 [DEBUG] Placing exit order... Level 0 | 13.550 | 55
2024-12-19 13:49:19,912 [DEBUG] Extracting Price for Level: Level 0 | 13.550 | 55
2024-12-19 13:49:19,912 [DEBUG] Order Price: 14.9, Quantity: 25
2024-12-19 13:49:19,913 [INFO] Creating order data
2024-12-19 13:49:19,913 [INFO] Placing order for level: {'symbol': 'NSE:NIFTY24D1923950CE', 'qty': 25, 'type': 1, 'side': -1, 'productType': 'INTRADAY', 'limitPrice': 14.9, 'validity': 'DAY'}
2024-12-19 13:49:20,167 [INFO] Handling order response after placing order {'code': 1101, 'message': 'Successfully placed order', 's': 'ok', 'id': '24121900340040'}
2024-12-19 13:49:20,177 [DEBUG] Exit order object created:.....
2024-12-19 13:49:20,177 [INFO] Processing after placing the order
2024-12-19 13:49:20,178 [DEBUG] Order placed successfully: 24121900340040
2024-12-19 13:49:20,179 [INFO] Both orders sent for level 0: Entry=24121900340036, Exit=24121900340040
2024-12-19 13:50:47,815 [DEBUG] Message received: {'s': 'ok', 'orders': {'clientId': 'XA46525', 'id': '24121900340040', 'exchOrdId': '1500000135701703', 'qty': 25, 'filledQty': 25, 'limitPrice': 14.9, 'tradedPrice': 14.9, 'type': 1, 'fyToken': '101124121947378', 'exchange': 10, 'segment': 11, 'symbol': 'NSE:NIFTY24D1923950CE', 'instrument': 14, 'offlineOrder': False, 'orderDateTime': '19-Dec-2024 13:50:50', 'orderValidity': 'DAY', 'productType': 'INTRADAY', 'side': -1, 'status': 2, 'source': 'API', 'ex_sym': 'NIFTY', 'description': '24 Dec 19 23950 CE', 'orderTag': '2:Untagged', 'orderNumStatus': '24121900340040:2'}}
2024-12-19 13:50:47,815 [DEBUG] Orders checking: entry_order=24121900340036, exit_order=24121900340040
2024-12-19 13:50:47,816 [INFO] Processing exit order: 24121900340040
2024-12-19 13:50:47,817 [INFO] Inside handle entry order: Order placed from websocket {}
2024-12-19 13:50:47,821 [DEBUG] Exit order found Order: Orders object (122)
2024-12-19 13:50:47,821 [INFO] Updating Exit order: Order Level: 24121900340040, Level: 0
2024-12-19 13:50:47,826 [INFO] Exit Order updated successfully: 24121900340040
2024-12-19 13:50:47,826 [INFO] Exit strategy logic triggered
2024-12-19 13:50:47,826 [DEBUG] Exit strategy mechanism triggered
2024-12-19 13:50:48,097 [INFO] All Open orders closed. Closed Orders {'code': 200, 'message': 'Position NSE:NIFTY24D1923950CE-INTRADAY is closed.', 's': 'ok'}
2024-12-19 13:50:48,225 [INFO] Strategy started for strategy id: 55
2024-12-19 13:50:48,227 [INFO] websocket started
2024-12-19 13:50:48,234 [INFO] New Levels, Current: Level 0 | 13.550 | 55, Next: Level 1 | 12.195 | 55, Previous: None
2024-12-19 13:50:48,235 [INFO] Placing initial market order.. for level: Level 0 | 13.550 | 55
2024-12-19 13:50:48,236 [INFO] Placing initial market order...Level 0 | 13.550 | 55
2024-12-19 13:50:48,237 [DEBUG] Extracting Price for Level: Level 0 | 13.550 | 55
2024-12-19 13:50:48,238 [DEBUG] Order Price: 13.55, Quantity: 25
2024-12-19 13:50:48,238 [INFO] Creating order data
2024-12-19 13:50:48,240 [INFO] Placing order for level: {'symbol': 'NSE:NIFTY24D1923950PE', 'qty': 25, 'type': 2, 'side': 1, 'productType': 'INTRADAY', 'limitPrice': None, 'validity': 'DAY'}
2024-12-19 13:50:48,541 [INFO] Handling order response after placing order {'code': 1101, 'message': 'Successfully placed order', 's': 'ok', 'id': '24121900341104'}
2024-12-19 13:50:48,547 [DEBUG] Entry order object created:.....
2024-12-19 13:50:48,548 [INFO] Processing after placing the order
2024-12-19 13:50:48,548 [DEBUG] Order placed successfully: 24121900341104
2024-12-19 13:50:48,549 [INFO] Processing next Level Index: 0
2024-12-19 13:50:48,551 [INFO] reached here second time
2024-12-19 13:50:48,558 [INFO] New Levels, Current: Level 0 | 13.550 | 55, Next: Level 1 | 12.195 | 55, Previous: None
2024-12-19 13:50:48,558 [DEBUG] Processing Level: 0, Current: Level 0 | 13.550 | 55, Previous: None, Next: Level 1 | 12.195 | 55
2024-12-19 13:50:48,559 [DEBUG] Extracting Price for Level: Level 1 | 12.195 | 55
2024-12-19 13:50:48,559 [DEBUG] Order Price: 12.200000000000001, Quantity: 25
2024-12-19 13:50:48,559 [INFO] Creating order data
2024-12-19 13:50:48,560 [INFO] Placing order for level: {'symbol': 'NSE:NIFTY24D1923950PE', 'qty': 25, 'type': 1, 'side': 1, 'productType': 'INTRADAY', 'limitPrice': 12.200000000000001, 'validity': 'DAY'}
2024-12-19 13:50:48,739 [INFO] Handling order response after placing order {'code': 1101, 'message': 'Successfully placed order', 's': 'ok', 'id': '24121900341110'}
2024-12-19 13:50:48,744 [DEBUG] Entry order object created:.....
2024-12-19 13:50:48,744 [INFO] Processing after placing the order
2024-12-19 13:50:48,745 [DEBUG] Order placed successfully: 24121900341110
2024-12-19 13:50:48,745 [DEBUG] Placing exit order... Level 0 | 13.550 | 55
2024-12-19 13:50:48,745 [DEBUG] Extracting Price for Level: Level 0 | 13.550 | 55
2024-12-19 13:50:48,747 [DEBUG] Order Price: 14.9, Quantity: 25
2024-12-19 13:50:48,747 [INFO] Creating order data
2024-12-19 13:50:48,748 [INFO] Placing order for level: {'symbol': 'NSE:NIFTY24D1923950PE', 'qty': 25, 'type': 1, 'side': -1, 'productType': 'INTRADAY', 'limitPrice': 14.9, 'validity': 'DAY'}
2024-12-19 13:50:48,908 [INFO] Handling order response after placing order {'code': 1101, 'message': 'Successfully placed order', 's': 'ok', 'id': '24121900341115'}
2024-12-19 13:50:48,924 [DEBUG] Exit order object created:.....
2024-12-19 13:50:48,925 [INFO] Processing after placing the order
2024-12-19 13:50:48,925 [DEBUG] Order placed successfully: 24121900341115
2024-12-19 13:50:48,926 [INFO] Both orders sent for level 0: Entry=24121900341110, Exit=24121900341115
2024-12-19 13:51:52,914 [DEBUG] Message received: {'s': 'ok', 'orders': {'clientId': 'XA46525', 'id': '24121900340036', 'exchOrdId': '1500000135700800', 'qty': 25, 'remainingQuantity': 25, 'limitPrice': 12.2, 'type': 1, 'fyToken': '101124121947378', 'exchange': 10, 'segment': 11, 'symbol': 'NSE:NIFTY24D1923950CE', 'instrument': 14, 'offlineOrder': False, 'orderDateTime': '19-Dec-2024 13:51:55', 'orderValidity': 'DAY', 'productType': 'INTRADAY', 'side': 1, 'status': 6, 'source': 'W', 'ex_sym': 'NIFTY', 'description': '24 Dec 19 23950 CE', 'orderTag': '2:Untagged', 'orderNumStatus': '24121900340036:6'}}
2024-12-19 13:51:52,915 [DEBUG] Orders checking: entry_order=24121900341110, exit_order=24121900341115
2024-12-19 13:51:52,915 [DEBUG] Order ID 24121900340036 does not match entry or exit orders.
2024-12-19 13:51:53,017 [DEBUG] Message received: {'s': 'ok', 'orders': {'clientId': 'XA46525', 'id': '24121900340036', 'exchOrdId': '1500000135700800', 'qty': 25, 'remainingQuantity': 0, 'limitPrice': 12.2, 'type': 1, 'fyToken': '101124121947378', 'exchange': 10, 'segment': 11, 'symbol': 'NSE:NIFTY24D1923950CE', 'instrument': 14, 'offlineOrder': False, 'orderDateTime': '19-Dec-2024 13:51:55', 'orderValidity': 'DAY', 'productType': 'INTRADAY', 'side': 1, 'status': 1, 'source': 'W', 'ex_sym': 'NIFTY', 'description': '24 Dec 19 23950 CE', 'orderTag': '2:Untagged', 'orderNumStatus': '24121900340036:1'}}
2024-12-19 13:51:53,018 [DEBUG] Orders checking: entry_order=24121900341110, exit_order=24121900341115
2024-12-19 13:51:53,019 [DEBUG] Order ID 24121900340036 does not match entry or exit orders.
2024-12-19 13:52:21,445 [DEBUG] Message received: {'s': 'ok', 'orders': {'clientId': 'XA46525', 'id': '24121900341115', 'exchOrdId': '1500000136094178', 'qty': 25, 'remainingQuantity': 25, 'limitPrice': 14.9, 'type': 1, 'fyToken': '101124121947379', 'exchange': 10, 'segment': 11, 'symbol': 'NSE:NIFTY24D1923950PE', 'instrument': 14, 'offlineOrder': False, 'orderDateTime': '19-Dec-2024 13:52:24', 'orderValidity': 'DAY', 'productType': 'INTRADAY', 'side': -1, 'status': 6, 'source': 'W', 'ex_sym': 'NIFTY', 'description': '24 Dec 19 23950 PE', 'orderTag': '2:Untagged', 'orderNumStatus': '24121900341115:6'}}
2024-12-19 13:52:21,445 [DEBUG] Orders checking: entry_order=24121900341110, exit_order=24121900341115
2024-12-19 13:52:21,446 [INFO] Processing exit order: 24121900341115
2024-12-19 13:52:21,448 [INFO] Inside handle entry order: Order placed from websocket {}
2024-12-19 13:52:21,458 [DEBUG] Exit order found Order: Orders object (122)
2024-12-19 13:52:21,458 [INFO] Updating Exit order: Order Level: 24121900341115, Level: 0
2024-12-19 13:52:21,464 [INFO] Exit Order updated successfully: 24121900341115
2024-12-19 13:52:21,466 [INFO] Exit strategy logic triggered
2024-12-19 13:52:21,466 [DEBUG] Exit strategy mechanism triggered
2024-12-19 13:52:22,223 [INFO] All Open orders closed. Closed Orders {'code': 200, 'message': 'Position NSE:NIFTY24D1923950PE-INTRADAY is closed.', 's': 'ok'}
2024-12-19 13:52:22,492 [INFO] Strategy started for strategy id: 55
2024-12-19 13:52:22,506 [INFO] websocket started
2024-12-19 13:52:22,512 [INFO] New Levels, Current: Level 0 | 13.550 | 55, Next: Level 1 | 12.195 | 55, Previous: None
2024-12-19 13:52:22,513 [INFO] Placing initial market order.. for level: Level 0 | 13.550 | 55
2024-12-19 13:52:22,513 [INFO] Placing initial market order...Level 0 | 13.550 | 55
2024-12-19 13:52:22,515 [DEBUG] Extracting Price for Level: Level 0 | 13.550 | 55
2024-12-19 13:52:22,515 [DEBUG] Order Price: 13.55, Quantity: 25
2024-12-19 13:52:22,516 [INFO] Creating order data
2024-12-19 13:52:22,516 [INFO] Placing order for level: {'symbol': 'NSE:NIFTY24D1923950CE', 'qty': 25, 'type': 2, 'side': 1, 'productType': 'INTRADAY', 'limitPrice': None, 'validity': 'DAY'}
2024-12-19 13:52:22,777 [INFO] Handling order response after placing order {'code': 1101, 'message': 'Successfully placed order', 's': 'ok', 'id': '24121900342139'}
2024-12-19 13:52:22,784 [DEBUG] Entry order object created:.....
2024-12-19 13:52:22,785 [INFO] Processing after placing the order
2024-12-19 13:52:22,785 [DEBUG] Order placed successfully: 24121900342139
2024-12-19 13:52:22,786 [INFO] Processing next Level Index: 0
2024-12-19 13:52:22,786 [INFO] reached here second time
2024-12-19 13:52:22,791 [INFO] New Levels, Current: Level 0 | 13.550 | 55, Next: Level 1 | 12.195 | 55, Previous: None
2024-12-19 13:52:22,792 [DEBUG] Processing Level: 0, Current: Level 0 | 13.550 | 55, Previous: None, Next: Level 1 | 12.195 | 55
2024-12-19 13:52:22,792 [DEBUG] Extracting Price for Level: Level 1 | 12.195 | 55
2024-12-19 13:52:22,793 [DEBUG] Order Price: 12.200000000000001, Quantity: 25
2024-12-19 13:52:22,793 [INFO] Creating order data
2024-12-19 13:52:22,794 [INFO] Placing order for level: {'symbol': 'NSE:NIFTY24D1923950CE', 'qty': 25, 'type': 1, 'side': 1, 'productType': 'INTRADAY', 'limitPrice': 12.200000000000001, 'validity': 'DAY'}
2024-12-19 13:52:22,975 [INFO] Handling order response after placing order {'code': 1101, 'message': 'Successfully placed order', 's': 'ok', 'id': '24121900342144'}
2024-12-19 13:52:22,981 [DEBUG] Entry order object created:.....
2024-12-19 13:52:22,982 [INFO] Processing after placing the order
2024-12-19 13:52:22,982 [DEBUG] Order placed successfully: 24121900342144
2024-12-19 13:52:22,983 [DEBUG] Placing exit order... Level 0 | 13.550 | 55
2024-12-19 13:52:22,984 [DEBUG] Extracting Price for Level: Level 0 | 13.550 | 55
2024-12-19 13:52:22,984 [DEBUG] Order Price: 14.9, Quantity: 25
2024-12-19 13:52:22,985 [INFO] Creating order data
2024-12-19 13:52:22,985 [INFO] Placing order for level: {'symbol': 'NSE:NIFTY24D1923950CE', 'qty': 25, 'type': 1, 'side': -1, 'productType': 'INTRADAY', 'limitPrice': 14.9, 'validity': 'DAY'}
2024-12-19 13:52:23,148 [INFO] Handling order response after placing order {'code': 1101, 'message': 'Successfully placed order', 's': 'ok', 'id': '24121900342149'}
2024-12-19 13:52:23,157 [DEBUG] Exit order object created:.....
2024-12-19 13:52:23,157 [INFO] Processing after placing the order
2024-12-19 13:52:23,157 [DEBUG] Order placed successfully: 24121900342149
2024-12-19 13:52:23,158 [INFO] Both orders sent for level 0: Entry=24121900342144, Exit=24121900342149
2024-12-19 13:52:23,259 [DEBUG] Message received: {'s': 'ok', 'orders': {'clientId': 'XA46525', 'id': '24121900342149', 'qty': 25, 'remainingQuantity': 25, 'limitPrice': 14.9, 'type': 1, 'fyToken': '101124121947378', 'exchange': 10, 'segment': 11, 'symbol': 'NSE:NIFTY24D1923950CE', 'instrument': 14, 'offlineOrder': False, 'orderDateTime': '19-Dec-2024 13:52:26', 'orderValidity': 'DAY', 'productType': 'INTRADAY', 'side': -1, 'status': 4, 'source': 'API', 'ex_sym': 'NIFTY', 'description': '24 Dec 19 23950 CE', 'orderTag': '2:Untagged', 'orderNumStatus': '24121900342149:4'}}
2024-12-19 13:52:23,259 [DEBUG] Orders checking: entry_order=24121900342144, exit_order=24121900342149
2024-12-19 13:52:23,260 [INFO] Processing exit order: 24121900342149
2024-12-19 13:52:23,261 [INFO] Inside handle entry order: Order placed from websocket {}
2024-12-19 13:52:23,265 [DEBUG] Exit order found Order: Orders object (122)
2024-12-19 13:52:23,267 [INFO] Updating Exit order: Order Level: 24121900342149, Level: 0
2024-12-19 13:52:23,275 [INFO] Exit Order updated successfully: 24121900342149
2024-12-19 13:52:23,277 [INFO] Exit strategy logic triggered
2024-12-19 13:52:23,279 [DEBUG] Exit strategy mechanism triggered
2024-12-19 13:52:25,017 [INFO] All Open orders closed. Closed Orders {'code': 201, 'message': 'Exit request has been sent. Kindly refresh your positions to check the status.', 's': 'ok'}
2024-12-19 13:52:25,160 [INFO] Strategy started for strategy id: 55
2024-12-19 13:52:25,161 [INFO] websocket started
2024-12-19 13:52:25,169 [INFO] New Levels, Current: Level 0 | 13.550 | 55, Next: Level 1 | 12.195 | 55, Previous: None
2024-12-19 13:52:25,170 [INFO] Placing initial market order.. for level: Level 0 | 13.550 | 55
2024-12-19 13:52:25,171 [INFO] Placing initial market order...Level 0 | 13.550 | 55
2024-12-19 13:52:25,171 [DEBUG] Extracting Price for Level: Level 0 | 13.550 | 55
2024-12-19 13:52:25,171 [DEBUG] Order Price: 13.55, Quantity: 25
2024-12-19 13:52:25,173 [INFO] Creating order data
2024-12-19 13:52:25,173 [INFO] Placing order for level: {'symbol': 'NSE:NIFTY24D1923950PE', 'qty': 25, 'type': 2, 'side': 1, 'productType': 'INTRADAY', 'limitPrice': None, 'validity': 'DAY'}
2024-12-19 13:52:25,400 [INFO] Handling order response after placing order {'code': 1101, 'message': 'Successfully placed order', 's': 'ok', 'id': '24121900342176'}
2024-12-19 13:52:25,405 [DEBUG] Entry order object created:.....
2024-12-19 13:52:25,405 [INFO] Processing after placing the order
2024-12-19 13:52:25,406 [DEBUG] Order placed successfully: 24121900342176
2024-12-19 13:52:25,406 [INFO] Processing next Level Index: 0
2024-12-19 13:52:25,406 [INFO] reached here second time
2024-12-19 13:52:25,411 [INFO] New Levels, Current: Level 0 | 13.550 | 55, Next: Level 1 | 12.195 | 55, Previous: None
2024-12-19 13:52:25,412 [DEBUG] Processing Level: 0, Current: Level 0 | 13.550 | 55, Previous: None, Next: Level 1 | 12.195 | 55
2024-12-19 13:52:25,412 [DEBUG] Extracting Price for Level: Level 1 | 12.195 | 55
2024-12-19 13:52:25,412 [DEBUG] Order Price: 12.200000000000001, Quantity: 25
2024-12-19 13:52:25,412 [INFO] Creating order data
2024-12-19 13:52:25,413 [INFO] Placing order for level: {'symbol': 'NSE:NIFTY24D1923950PE', 'qty': 25, 'type': 1, 'side': 1, 'productType': 'INTRADAY', 'limitPrice': 12.200000000000001, 'validity': 'DAY'}
2024-12-19 13:52:25,549 [INFO] Handling order response after placing order {'code': 1101, 'message': 'Successfully placed order', 's': 'ok', 'id': '24121900342177'}
2024-12-19 13:52:25,558 [DEBUG] Entry order object created:.....
2024-12-19 13:52:25,558 [INFO] Processing after placing the order
2024-12-19 13:52:25,559 [DEBUG] Order placed successfully: 24121900342177
2024-12-19 13:52:25,559 [DEBUG] Placing exit order... Level 0 | 13.550 | 55
2024-12-19 13:52:25,560 [DEBUG] Extracting Price for Level: Level 0 | 13.550 | 55
2024-12-19 13:52:25,560 [DEBUG] Order Price: 14.9, Quantity: 25
2024-12-19 13:52:25,560 [INFO] Creating order data
2024-12-19 13:52:25,561 [INFO] Placing order for level: {'symbol': 'NSE:NIFTY24D1923950PE', 'qty': 25, 'type': 1, 'side': -1, 'productType': 'INTRADAY', 'limitPrice': 14.9, 'validity': 'DAY'}
2024-12-19 13:52:25,825 [INFO] Handling order response after placing order {'code': 1101, 'message': 'Successfully placed order', 's': 'ok', 'id': '24121900342178'}
2024-12-19 13:52:25,834 [DEBUG] Exit order object created:.....
2024-12-19 13:52:25,835 [INFO] Processing after placing the order
2024-12-19 13:52:25,836 [DEBUG] Order placed successfully: 24121900342178
2024-12-19 13:52:25,836 [INFO] Both orders sent for level 0: Entry=24121900342177, Exit=24121900342178
