2024-12-19 09:40:32,110 [INFO] Initialized TradingStrategy1 with ID: 49
2024-12-19 09:40:32,113 [INFO] Strategy started for strategy id: 49
2024-12-19 09:40:32,130 [INFO] websocket started
2024-12-19 09:40:32,150 [INFO] New Levels, Current: Level 0 | 12.800 | 49, Next: Level 1 | 11.520 | 49, Previous: None
2024-12-19 09:40:32,152 [INFO] Placing initial market order.. for level: Level 0 | 12.800 | 49
2024-12-19 09:40:32,152 [INFO] Placing initial market order...Level 0 | 12.800 | 49
2024-12-19 09:40:32,153 [DEBUG] Extracting Price for Level: Level 0 | 12.800 | 49
2024-12-19 09:40:32,181 [DEBUG] Order Price: 12.8, Quantity: 25
2024-12-19 09:40:32,187 [INFO] Creating order data
2024-12-19 09:40:32,189 [INFO] Placing order for level: {'symbol': 'NSE:NIFTY24D1924300CE', 'qty': 25, 'type': 2, 'side': 1, 'productType': 'INTRADAY', 'limitPrice': None, 'validity': 'DAY'}
2024-12-19 09:40:32,342 [INFO] Handling order response after placing order {'code': 1101, 'message': 'Successfully placed order', 's': 'ok', 'id': '24121900076814'}
2024-12-19 09:40:32,351 [DEBUG] Entry order object created:.....
2024-12-19 09:40:32,351 [INFO] Processing after placing the order
2024-12-19 09:40:32,352 [DEBUG] Order placed successfully: 24121900076814
2024-12-19 09:40:32,353 [INFO] Processing next Level Index: 0
2024-12-19 09:40:32,353 [INFO] reached here second time
2024-12-19 09:40:32,361 [INFO] New Levels, Current: Level 0 | 12.800 | 49, Next: Level 1 | 11.520 | 49, Previous: None
2024-12-19 09:40:32,362 [DEBUG] Processing Level: 0, Current: Level 0 | 12.800 | 49, Previous: None, Next: Level 1 | 11.520 | 49
2024-12-19 09:40:32,362 [DEBUG] Extracting Price for Level: Level 1 | 11.520 | 49
2024-12-19 09:40:32,363 [DEBUG] Order Price: 11.5, Quantity: 25
2024-12-19 09:40:32,363 [INFO] Creating order data
2024-12-19 09:40:32,364 [INFO] Placing order for level: {'symbol': 'NSE:NIFTY24D1924300CE', 'qty': 25, 'type': 1, 'side': 1, 'productType': 'INTRADAY', 'limitPrice': 11.5, 'validity': 'DAY'}
2024-12-19 09:40:32,549 [INFO] Handling order response after placing order {'code': 1101, 'message': 'Successfully placed order', 's': 'ok', 'id': '24121900076835'}
2024-12-19 09:40:32,562 [DEBUG] Entry order object created:.....
2024-12-19 09:40:32,562 [INFO] Processing after placing the order
2024-12-19 09:40:32,563 [DEBUG] Order placed successfully: 24121900076835
2024-12-19 09:40:32,563 [DEBUG] Placing exit order... Level 0 | 12.800 | 49
2024-12-19 09:40:32,563 [DEBUG] Extracting Price for Level: Level 0 | 12.800 | 49
2024-12-19 09:40:32,564 [DEBUG] Order Price: 14.100000000000001, Quantity: 25
2024-12-19 09:40:32,564 [INFO] Creating order data
2024-12-19 09:40:32,565 [INFO] Placing order for level: {'symbol': 'NSE:NIFTY24D1924300CE', 'qty': 25, 'type': 1, 'side': -1, 'productType': 'INTRADAY', 'limitPrice': 14.100000000000001, 'validity': 'DAY'}
2024-12-19 09:40:32,779 [INFO] Handling order response after placing order {'code': 1101, 'message': 'Successfully placed order', 's': 'ok', 'id': '24121900076864'}
2024-12-19 09:40:32,787 [DEBUG] Exit order object created:.....
2024-12-19 09:40:32,789 [INFO] Processing after placing the order
2024-12-19 09:40:32,792 [DEBUG] Order placed successfully: 24121900076864
2024-12-19 09:40:32,793 [INFO] Both orders sent for level 0: Entry=24121900076835, Exit=24121900076864
2024-12-19 09:42:13,476 [DEBUG] Orders checking: entry_order=24121900076835, exit_order=24121900076864
2024-12-19 09:42:13,480 [DEBUG] Order id received from websocket 24121900076835
2024-12-19 09:42:13,482 [INFO] Inside handle entry order: Order placed from websocket {}
2024-12-19 09:42:13,489 [DEBUG] Entry order received for next level Orders object (59), Level: Level 0 | 12.800 | 49
2024-12-19 09:42:13,499 [INFO] Order Updated successfully: Entry Order:24121900076835 Level Level 0 | 12.800 | 49
2024-12-19 09:42:13,500 [DEBUG] Cancelling order 24121900076864
2024-12-19 09:42:13,655 [DEBUG] cancelled orders {'code': 1103, 'message': 'Successfully cancelled order', 's': 'ok', 'id': '24121900076864'}
2024-12-19 09:42:13,655 [INFO] Processing next level... 1
2024-12-19 09:42:13,657 [INFO] reached here second time
2024-12-19 09:42:13,664 [INFO] New Levels, Current: Level 1 | 11.520 | 49, Next: Level 2 | 10.240 | 49, Previous: Level 0 | 12.800 | 49
2024-12-19 09:42:13,664 [DEBUG] Processing Level: 1, Current: Level 1 | 11.520 | 49, Previous: Level 0 | 12.800 | 49, Next: Level 2 | 10.240 | 49
2024-12-19 09:42:13,667 [DEBUG] Extracting Price for Level: Level 2 | 10.240 | 49
2024-12-19 09:42:13,667 [DEBUG] Order Price: 10.25, Quantity: 25
2024-12-19 09:42:13,668 [INFO] Creating order data
2024-12-19 09:42:13,668 [INFO] Placing order for level: {'symbol': 'NSE:NIFTY24D1924300CE', 'qty': 25, 'type': 1, 'side': 1, 'productType': 'INTRADAY', 'limitPrice': 10.25, 'validity': 'DAY'}
2024-12-19 09:42:13,825 [INFO] Handling order response after placing order {'code': 1101, 'message': 'Successfully placed order', 's': 'ok', 'id': '24121900080738'}
2024-12-19 09:42:13,836 [DEBUG] Entry order object created:.....
2024-12-19 09:42:13,836 [INFO] Processing after placing the order
2024-12-19 09:42:13,836 [DEBUG] Order placed successfully: 24121900080738
2024-12-19 09:42:13,842 [DEBUG] Placing exit order... Level 1 | 11.520 | 49
2024-12-19 09:42:13,843 [DEBUG] Extracting Price for Level: Level 1 | 11.520 | 49
2024-12-19 09:42:13,843 [DEBUG] Order Price: 12.65, Quantity: 25
2024-12-19 09:42:13,844 [INFO] Creating order data
2024-12-19 09:42:13,845 [INFO] Placing order for level: {'symbol': 'NSE:NIFTY24D1924300CE', 'qty': 25, 'type': 1, 'side': -1, 'productType': 'INTRADAY', 'limitPrice': 12.65, 'validity': 'DAY'}
2024-12-19 09:42:14,049 [INFO] Handling order response after placing order {'code': 1101, 'message': 'Successfully placed order', 's': 'ok', 'id': '24121900080743'}
2024-12-19 09:42:14,059 [DEBUG] Exit order object created:.....
2024-12-19 09:42:14,061 [INFO] Processing after placing the order
2024-12-19 09:42:14,061 [DEBUG] Order placed successfully: 24121900080743
2024-12-19 09:42:14,062 [INFO] Both orders sent for level 1: Entry=24121900080738, Exit=24121900080743
2024-12-19 09:43:55,519 [DEBUG] Orders checking: entry_order=24121900080738, exit_order=24121900080743
2024-12-19 09:43:55,520 [DEBUG] Order id received from websocket 24121900080743
2024-12-19 09:43:55,526 [INFO] Inside handle entry order: Order placed from websocket {}
2024-12-19 09:43:55,545 [DEBUG] Exit order found Order: Orders object (59)
2024-12-19 09:43:55,545 [INFO] Updating Exit order: Order Level: 24121900080743, Level: 1
2024-12-19 09:43:55,554 [INFO] Exit Order updated successfully: 24121900080743
2024-12-19 09:43:55,556 [DEBUG] Cancelling order 24121900080738
2024-12-19 09:43:55,687 [DEBUG] cancelled orders {'code': 1103, 'message': 'Successfully cancelled order', 's': 'ok', 'id': '24121900080738'}
2024-12-19 09:43:55,687 [INFO] Processing next level...
2024-12-19 09:43:55,687 [INFO] reached here second time
2024-12-19 09:43:55,696 [INFO] New Levels, Current: Level 0 | 12.800 | 49, Next: Level 1 | 11.520 | 49, Previous: None
2024-12-19 09:43:55,697 [DEBUG] Processing Level: 0, Current: Level 0 | 12.800 | 49, Previous: None, Next: Level 1 | 11.520 | 49
2024-12-19 09:43:55,697 [DEBUG] Extracting Price for Level: Level 1 | 11.520 | 49
2024-12-19 09:43:55,698 [DEBUG] Order Price: 11.5, Quantity: 25
2024-12-19 09:43:55,699 [INFO] Creating order data
2024-12-19 09:43:55,699 [INFO] Placing order for level: {'symbol': 'NSE:NIFTY24D1924300CE', 'qty': 25, 'type': 1, 'side': 1, 'productType': 'INTRADAY', 'limitPrice': 11.5, 'validity': 'DAY'}
2024-12-19 09:43:55,850 [INFO] Handling order response after placing order {'code': 1101, 'message': 'Successfully placed order', 's': 'ok', 'id': '24121900084512'}
2024-12-19 09:43:55,860 [DEBUG] Entry order object created:.....
2024-12-19 09:43:55,861 [INFO] Processing after placing the order
2024-12-19 09:43:55,862 [DEBUG] Order placed successfully: 24121900084512
2024-12-19 09:43:55,864 [DEBUG] Placing exit order... Level 0 | 12.800 | 49
2024-12-19 09:43:55,864 [DEBUG] Extracting Price for Level: Level 0 | 12.800 | 49
2024-12-19 09:43:55,865 [DEBUG] Order Price: 14.100000000000001, Quantity: 25
2024-12-19 09:43:55,866 [INFO] Creating order data
2024-12-19 09:43:55,866 [INFO] Placing order for level: {'symbol': 'NSE:NIFTY24D1924300CE', 'qty': 25, 'type': 1, 'side': -1, 'productType': 'INTRADAY', 'limitPrice': 14.100000000000001, 'validity': 'DAY'}
2024-12-19 09:43:56,018 [INFO] Handling order response after placing order {'code': 1101, 'message': 'Successfully placed order', 's': 'ok', 'id': '24121900084515'}
2024-12-19 09:43:56,029 [DEBUG] Exit order object created:.....
2024-12-19 09:43:56,031 [INFO] Processing after placing the order
2024-12-19 09:43:56,032 [DEBUG] Order placed successfully: 24121900084515
2024-12-19 09:43:56,032 [INFO] Both orders sent for level 0: Entry=24121900084512, Exit=24121900084515
2024-12-19 09:44:00,360 [DEBUG] Orders checking: entry_order=24121900084512, exit_order=24121900084515
2024-12-19 09:44:00,360 [DEBUG] Order id received from websocket 24121900084515
2024-12-19 09:44:00,361 [INFO] Inside handle entry order: Order placed from websocket {}
2024-12-19 09:44:00,365 [DEBUG] Exit order found Order: Orders object (58)
2024-12-19 09:44:00,365 [INFO] Updating Exit order: Order Level: 24121900084515, Level: 0
2024-12-19 09:44:00,372 [INFO] Exit Order updated successfully: 24121900084515
2024-12-19 09:44:00,372 [INFO] Exit strategy logic triggered
2024-12-19 09:44:00,374 [DEBUG] Exit strategy mechanism triggered
2024-12-19 09:44:01,648 [INFO] Strategy started for strategy id: 49
2024-12-19 09:44:01,660 [INFO] websocket started
2024-12-19 09:44:01,671 [INFO] New Levels, Current: Level 0 | 12.800 | 49, Next: Level 1 | 11.520 | 49, Previous: None
2024-12-19 09:44:01,672 [INFO] Placing initial market order.. for level: Level 0 | 12.800 | 49
2024-12-19 09:44:01,672 [INFO] Placing initial market order...Level 0 | 12.800 | 49
2024-12-19 09:44:01,673 [DEBUG] Extracting Price for Level: Level 0 | 12.800 | 49
2024-12-19 09:44:01,674 [DEBUG] Order Price: 12.8, Quantity: 25
2024-12-19 09:44:01,675 [INFO] Creating order data
2024-12-19 09:44:01,675 [INFO] Placing order for level: {'symbol': 'NSE:NIFTY24D1924350CE', 'qty': 25, 'type': 2, 'side': 1, 'productType': 'INTRADAY', 'limitPrice': None, 'validity': 'DAY'}
2024-12-19 09:44:01,817 [INFO] Handling order response after placing order {'code': 1101, 'message': 'Successfully placed order', 's': 'ok', 'id': '24121900084954'}
2024-12-19 09:44:01,828 [DEBUG] Entry order object created:.....
2024-12-19 09:44:01,828 [INFO] Processing after placing the order
2024-12-19 09:44:01,829 [DEBUG] Order placed successfully: 24121900084954
2024-12-19 09:44:01,829 [INFO] Processing next Level Index: 0
2024-12-19 09:44:01,830 [INFO] reached here second time
2024-12-19 09:44:01,834 [INFO] New Levels, Current: Level 0 | 12.800 | 49, Next: Level 1 | 11.520 | 49, Previous: None
2024-12-19 09:44:01,835 [DEBUG] Processing Level: 0, Current: Level 0 | 12.800 | 49, Previous: None, Next: Level 1 | 11.520 | 49
2024-12-19 09:44:01,835 [DEBUG] Extracting Price for Level: Level 1 | 11.520 | 49
2024-12-19 09:44:01,836 [DEBUG] Order Price: 11.5, Quantity: 25
2024-12-19 09:44:01,836 [INFO] Creating order data
2024-12-19 09:44:01,837 [INFO] Placing order for level: {'symbol': 'NSE:NIFTY24D1924350CE', 'qty': 25, 'type': 1, 'side': 1, 'productType': 'INTRADAY', 'limitPrice': 11.5, 'validity': 'DAY'}
2024-12-19 09:44:01,996 [INFO] Handling order response after placing order {'code': 1101, 'message': 'Successfully placed order', 's': 'ok', 'id': '24121900084970'}
2024-12-19 09:44:02,004 [DEBUG] Entry order object created:.....
2024-12-19 09:44:02,005 [INFO] Processing after placing the order
2024-12-19 09:44:02,007 [DEBUG] Order placed successfully: 24121900084970
2024-12-19 09:44:02,009 [DEBUG] Placing exit order... Level 0 | 12.800 | 49
2024-12-19 09:44:02,011 [DEBUG] Extracting Price for Level: Level 0 | 12.800 | 49
2024-12-19 09:44:02,011 [DEBUG] Order Price: 14.100000000000001, Quantity: 25
2024-12-19 09:44:02,013 [INFO] Creating order data
2024-12-19 09:44:02,016 [INFO] Placing order for level: {'symbol': 'NSE:NIFTY24D1924350CE', 'qty': 25, 'type': 1, 'side': -1, 'productType': 'INTRADAY', 'limitPrice': 14.100000000000001, 'validity': 'DAY'}
2024-12-19 09:44:02,187 [INFO] Handling order response after placing order {'code': 1101, 'message': 'Successfully placed order', 's': 'ok', 'id': '24121900085006'}
2024-12-19 09:44:02,202 [DEBUG] Exit order object created:.....
2024-12-19 09:44:02,203 [INFO] Processing after placing the order
2024-12-19 09:44:02,204 [DEBUG] Order placed successfully: 24121900085006
2024-12-19 09:44:02,204 [INFO] Both orders sent for level 0: Entry=24121900084970, Exit=24121900085006
2024-12-19 09:45:22,643 [DEBUG] Orders checking: entry_order=24121900084970, exit_order=24121900085006
2024-12-19 09:45:22,643 [DEBUG] Order id received from websocket 24121900084512
2024-12-19 09:45:22,645 [ERROR] Neither entry_order nor exit_order found in the message.
2024-12-19 09:45:22,645 [INFO] Strategy started for strategy id: 49
2024-12-19 09:45:22,658 [INFO] websocket started
2024-12-19 09:45:22,670 [INFO] New Levels, Current: Level 0 | 12.800 | 49, Next: Level 1 | 11.520 | 49, Previous: None
2024-12-19 09:45:22,672 [INFO] Placing initial market order.. for level: Level 0 | 12.800 | 49
2024-12-19 09:45:22,673 [INFO] Placing initial market order...Level 0 | 12.800 | 49
2024-12-19 09:45:22,674 [DEBUG] Extracting Price for Level: Level 0 | 12.800 | 49
2024-12-19 09:45:22,675 [DEBUG] Order Price: 12.8, Quantity: 25
2024-12-19 09:45:22,677 [INFO] Creating order data
2024-12-19 09:45:22,679 [INFO] Placing order for level: {'symbol': 'NSE:NIFTY24D1924350CE', 'qty': 25, 'type': 2, 'side': 1, 'productType': 'INTRADAY', 'limitPrice': None, 'validity': 'DAY'}
2024-12-19 09:45:22,921 [INFO] Handling order response after placing order {'code': 1101, 'message': 'Successfully placed order', 's': 'ok', 'id': '24121900089415'}
2024-12-19 09:45:22,928 [DEBUG] Entry order object created:.....
2024-12-19 09:45:22,929 [INFO] Processing after placing the order
2024-12-19 09:45:22,929 [DEBUG] Order placed successfully: 24121900089415
2024-12-19 09:45:22,930 [INFO] Processing next Level Index: 0
2024-12-19 09:45:22,932 [INFO] reached here second time
2024-12-19 09:45:22,936 [INFO] New Levels, Current: Level 0 | 12.800 | 49, Next: Level 1 | 11.520 | 49, Previous: None
2024-12-19 09:45:22,937 [DEBUG] Processing Level: 0, Current: Level 0 | 12.800 | 49, Previous: None, Next: Level 1 | 11.520 | 49
2024-12-19 09:45:22,937 [DEBUG] Extracting Price for Level: Level 1 | 11.520 | 49
2024-12-19 09:45:22,938 [DEBUG] Order Price: 11.5, Quantity: 25
2024-12-19 09:45:22,939 [INFO] Creating order data
2024-12-19 09:45:22,940 [INFO] Placing order for level: {'symbol': 'NSE:NIFTY24D1924350CE', 'qty': 25, 'type': 1, 'side': 1, 'productType': 'INTRADAY', 'limitPrice': 11.5, 'validity': 'DAY'}
2024-12-19 09:45:23,197 [INFO] Handling order response after placing order {'code': 1101, 'message': 'Successfully placed order', 's': 'ok', 'id': '24121900089433'}
2024-12-19 09:45:23,203 [DEBUG] Entry order object created:.....
2024-12-19 09:45:23,203 [INFO] Processing after placing the order
2024-12-19 09:45:23,205 [DEBUG] Order placed successfully: 24121900089433
2024-12-19 09:45:23,205 [DEBUG] Placing exit order... Level 0 | 12.800 | 49
2024-12-19 09:45:23,205 [DEBUG] Extracting Price for Level: Level 0 | 12.800 | 49
2024-12-19 09:45:23,205 [DEBUG] Order Price: 14.100000000000001, Quantity: 25
2024-12-19 09:45:23,206 [INFO] Creating order data
2024-12-19 09:45:23,206 [INFO] Placing order for level: {'symbol': 'NSE:NIFTY24D1924350CE', 'qty': 25, 'type': 1, 'side': -1, 'productType': 'INTRADAY', 'limitPrice': 14.100000000000001, 'validity': 'DAY'}
2024-12-19 09:45:23,391 [INFO] Handling order response after placing order {'code': 1101, 'message': 'Successfully placed order', 's': 'ok', 'id': '24121900089453'}
2024-12-19 09:45:23,418 [DEBUG] Exit order object created:.....
2024-12-19 09:45:23,419 [INFO] Processing after placing the order
2024-12-19 09:45:23,419 [DEBUG] Order placed successfully: 24121900089453
2024-12-19 09:45:23,420 [INFO] Both orders sent for level 0: Entry=24121900089433, Exit=24121900089453
2024-12-19 09:45:23,523 [DEBUG] Orders checking: entry_order=24121900089433, exit_order=24121900089453
2024-12-19 09:45:23,524 [DEBUG] Order id received from websocket 24121900089415
2024-12-19 09:45:23,529 [ERROR] Neither entry_order nor exit_order found in the message.
2024-12-19 09:45:23,530 [INFO] Strategy started for strategy id: 49
2024-12-19 09:45:23,545 [INFO] websocket started
2024-12-19 09:45:23,563 [INFO] New Levels, Current: Level 0 | 12.800 | 49, Next: Level 1 | 11.520 | 49, Previous: None
2024-12-19 09:45:23,566 [INFO] Placing initial market order.. for level: Level 0 | 12.800 | 49
2024-12-19 09:45:23,604 [INFO] Placing initial market order...Level 0 | 12.800 | 49
2024-12-19 09:45:23,605 [DEBUG] Extracting Price for Level: Level 0 | 12.800 | 49
2024-12-19 09:45:23,605 [DEBUG] Order Price: 12.8, Quantity: 25
2024-12-19 09:45:23,606 [INFO] Creating order data
2024-12-19 09:45:23,611 [INFO] Placing order for level: {'symbol': 'NSE:NIFTY24D1924350CE', 'qty': 25, 'type': 2, 'side': 1, 'productType': 'INTRADAY', 'limitPrice': None, 'validity': 'DAY'}
2024-12-19 09:45:23,823 [INFO] Handling order response after placing order {'code': 1101, 'message': 'Successfully placed order', 's': 'ok', 'id': '24121900089494'}
2024-12-19 09:45:23,834 [DEBUG] Entry order object created:.....
2024-12-19 09:45:23,835 [INFO] Processing after placing the order
2024-12-19 09:45:23,836 [DEBUG] Order placed successfully: 24121900089494
2024-12-19 09:45:23,836 [INFO] Processing next Level Index: 0
2024-12-19 09:45:23,837 [INFO] reached here second time
2024-12-19 09:45:23,865 [INFO] New Levels, Current: Level 0 | 12.800 | 49, Next: Level 1 | 11.520 | 49, Previous: None
2024-12-19 09:45:23,868 [DEBUG] Processing Level: 0, Current: Level 0 | 12.800 | 49, Previous: None, Next: Level 1 | 11.520 | 49
2024-12-19 09:45:23,871 [DEBUG] Extracting Price for Level: Level 1 | 11.520 | 49
2024-12-19 09:45:23,871 [DEBUG] Order Price: 11.5, Quantity: 25
2024-12-19 09:45:23,872 [INFO] Creating order data
2024-12-19 09:45:23,872 [INFO] Placing order for level: {'symbol': 'NSE:NIFTY24D1924350CE', 'qty': 25, 'type': 1, 'side': 1, 'productType': 'INTRADAY', 'limitPrice': 11.5, 'validity': 'DAY'}
2024-12-19 09:45:24,148 [INFO] Handling order response after placing order {'code': 1101, 'message': 'Successfully placed order', 's': 'ok', 'id': '24121900089509'}
2024-12-19 09:45:24,162 [DEBUG] Entry order object created:.....
2024-12-19 09:45:24,163 [INFO] Processing after placing the order
2024-12-19 09:45:24,168 [DEBUG] Order placed successfully: 24121900089509
2024-12-19 09:45:24,171 [DEBUG] Placing exit order... Level 0 | 12.800 | 49
2024-12-19 09:45:24,172 [DEBUG] Extracting Price for Level: Level 0 | 12.800 | 49
2024-12-19 09:45:24,173 [DEBUG] Order Price: 14.100000000000001, Quantity: 25
2024-12-19 09:45:24,173 [INFO] Creating order data
2024-12-19 09:45:24,174 [INFO] Placing order for level: {'symbol': 'NSE:NIFTY24D1924350CE', 'qty': 25, 'type': 1, 'side': -1, 'productType': 'INTRADAY', 'limitPrice': 14.100000000000001, 'validity': 'DAY'}
2024-12-19 09:45:24,428 [INFO] Handling order response after placing order {'code': 1101, 'message': 'Successfully placed order', 's': 'ok', 'id': '24121900089532'}
2024-12-19 09:45:24,463 [DEBUG] Exit order object created:.....
2024-12-19 09:45:24,472 [INFO] Processing after placing the order
2024-12-19 09:45:24,472 [DEBUG] Order placed successfully: 24121900089532
2024-12-19 09:45:24,477 [INFO] Both orders sent for level 0: Entry=24121900089509, Exit=24121900089532
2024-12-19 09:45:24,579 [DEBUG] Orders checking: entry_order=24121900089509, exit_order=24121900089532
2024-12-19 09:45:24,580 [DEBUG] Order id received from websocket 24121900089494
2024-12-19 09:45:24,581 [ERROR] Neither entry_order nor exit_order found in the message.
2024-12-19 09:45:24,584 [INFO] Strategy started for strategy id: 49
2024-12-19 09:45:24,590 [INFO] websocket started
2024-12-19 09:45:24,600 [INFO] New Levels, Current: Level 0 | 12.800 | 49, Next: Level 1 | 11.520 | 49, Previous: None
2024-12-19 09:45:24,603 [INFO] Placing initial market order.. for level: Level 0 | 12.800 | 49
2024-12-19 09:45:24,604 [INFO] Placing initial market order...Level 0 | 12.800 | 49
2024-12-19 09:45:24,609 [DEBUG] Extracting Price for Level: Level 0 | 12.800 | 49
2024-12-19 09:45:24,612 [DEBUG] Order Price: 12.8, Quantity: 25
2024-12-19 09:45:24,614 [INFO] Creating order data
2024-12-19 09:45:24,614 [INFO] Placing order for level: {'symbol': 'NSE:NIFTY24D1924350CE', 'qty': 25, 'type': 2, 'side': 1, 'productType': 'INTRADAY', 'limitPrice': None, 'validity': 'DAY'}
2024-12-19 09:45:24,874 [INFO] Handling order response after placing order {'code': 1101, 'message': 'Successfully placed order', 's': 'ok', 'id': '24121900089570'}
2024-12-19 09:45:24,888 [DEBUG] Entry order object created:.....
2024-12-19 09:45:24,889 [INFO] Processing after placing the order
2024-12-19 09:45:24,889 [DEBUG] Order placed successfully: 24121900089570
2024-12-19 09:45:24,896 [INFO] Processing next Level Index: 0
2024-12-19 09:45:24,903 [INFO] reached here second time
2024-12-19 09:45:24,918 [INFO] New Levels, Current: Level 0 | 12.800 | 49, Next: Level 1 | 11.520 | 49, Previous: None
2024-12-19 09:45:24,919 [DEBUG] Processing Level: 0, Current: Level 0 | 12.800 | 49, Previous: None, Next: Level 1 | 11.520 | 49
2024-12-19 09:45:24,923 [DEBUG] Extracting Price for Level: Level 1 | 11.520 | 49
2024-12-19 09:45:24,927 [DEBUG] Order Price: 11.5, Quantity: 25
2024-12-19 09:45:24,927 [INFO] Creating order data
2024-12-19 09:45:24,928 [INFO] Placing order for level: {'symbol': 'NSE:NIFTY24D1924350CE', 'qty': 25, 'type': 1, 'side': 1, 'productType': 'INTRADAY', 'limitPrice': 11.5, 'validity': 'DAY'}
2024-12-19 09:45:25,245 [INFO] Handling order response after placing order {'code': 1101, 'message': 'Successfully placed order', 's': 'ok', 'id': '24121900089593'}
2024-12-19 09:45:25,258 [DEBUG] Entry order object created:.....
2024-12-19 09:45:25,258 [INFO] Processing after placing the order
2024-12-19 09:45:25,267 [DEBUG] Order placed successfully: 24121900089593
2024-12-19 09:45:25,273 [DEBUG] Placing exit order... Level 0 | 12.800 | 49
2024-12-19 09:45:25,273 [DEBUG] Extracting Price for Level: Level 0 | 12.800 | 49
2024-12-19 09:45:25,297 [DEBUG] Order Price: 14.100000000000001, Quantity: 25
2024-12-19 09:45:25,298 [INFO] Creating order data
2024-12-19 09:45:25,298 [INFO] Placing order for level: {'symbol': 'NSE:NIFTY24D1924350CE', 'qty': 25, 'type': 1, 'side': -1, 'productType': 'INTRADAY', 'limitPrice': 14.100000000000001, 'validity': 'DAY'}
2024-12-19 09:45:25,621 [INFO] Handling order response after placing order {'code': 1101, 'message': 'Successfully placed order', 's': 'ok', 'id': '24121900089615'}
2024-12-19 09:45:25,632 [DEBUG] Exit order object created:.....
2024-12-19 09:45:25,637 [INFO] Processing after placing the order
2024-12-19 09:45:25,638 [DEBUG] Order placed successfully: 24121900089615
2024-12-19 09:45:25,638 [INFO] Both orders sent for level 0: Entry=24121900089593, Exit=24121900089615
2024-12-19 09:45:25,740 [DEBUG] Orders checking: entry_order=24121900089593, exit_order=24121900089615
2024-12-19 09:45:25,744 [DEBUG] Order id received from websocket 24121900089570
2024-12-19 09:45:25,748 [ERROR] Neither entry_order nor exit_order found in the message.
2024-12-19 09:45:25,749 [INFO] Strategy started for strategy id: 49
2024-12-19 09:45:25,766 [INFO] websocket started
2024-12-19 09:45:25,791 [INFO] New Levels, Current: Level 0 | 12.800 | 49, Next: Level 1 | 11.520 | 49, Previous: None
2024-12-19 09:45:25,795 [INFO] Placing initial market order.. for level: Level 0 | 12.800 | 49
2024-12-19 09:45:25,796 [INFO] Placing initial market order...Level 0 | 12.800 | 49
2024-12-19 09:45:25,800 [DEBUG] Extracting Price for Level: Level 0 | 12.800 | 49
2024-12-19 09:45:25,801 [DEBUG] Order Price: 12.8, Quantity: 25
2024-12-19 09:45:25,803 [INFO] Creating order data
2024-12-19 09:45:25,867 [INFO] Placing order for level: {'symbol': 'NSE:NIFTY24D1924350CE', 'qty': 25, 'type': 2, 'side': 1, 'productType': 'INTRADAY', 'limitPrice': None, 'validity': 'DAY'}
2024-12-19 09:45:26,141 [INFO] Handling order response after placing order {'code': 1101, 'message': 'Successfully placed order', 's': 'ok', 'id': '24121900089652'}
2024-12-19 09:45:26,157 [DEBUG] Entry order object created:.....
2024-12-19 09:45:26,157 [INFO] Processing after placing the order
2024-12-19 09:45:26,161 [DEBUG] Order placed successfully: 24121900089652
2024-12-19 09:45:26,161 [INFO] Processing next Level Index: 0
2024-12-19 09:45:26,162 [INFO] reached here second time
2024-12-19 09:45:26,174 [INFO] New Levels, Current: Level 0 | 12.800 | 49, Next: Level 1 | 11.520 | 49, Previous: None
2024-12-19 09:45:26,177 [DEBUG] Processing Level: 0, Current: Level 0 | 12.800 | 49, Previous: None, Next: Level 1 | 11.520 | 49
2024-12-19 09:45:26,178 [DEBUG] Extracting Price for Level: Level 1 | 11.520 | 49
2024-12-19 09:45:26,178 [DEBUG] Order Price: 11.5, Quantity: 25
2024-12-19 09:45:26,179 [INFO] Creating order data
2024-12-19 09:45:26,180 [INFO] Placing order for level: {'symbol': 'NSE:NIFTY24D1924350CE', 'qty': 25, 'type': 1, 'side': 1, 'productType': 'INTRADAY', 'limitPrice': 11.5, 'validity': 'DAY'}
2024-12-19 09:45:26,434 [INFO] Handling order response after placing order {'code': 1101, 'message': 'Successfully placed order', 's': 'ok', 'id': '24121900089663'}
2024-12-19 09:45:26,453 [DEBUG] Entry order object created:.....
2024-12-19 09:45:26,453 [INFO] Processing after placing the order
2024-12-19 09:45:26,455 [DEBUG] Order placed successfully: 24121900089663
2024-12-19 09:45:26,457 [DEBUG] Placing exit order... Level 0 | 12.800 | 49
2024-12-19 09:45:26,463 [DEBUG] Extracting Price for Level: Level 0 | 12.800 | 49
2024-12-19 09:45:26,468 [DEBUG] Order Price: 14.100000000000001, Quantity: 25
2024-12-19 09:45:26,472 [INFO] Creating order data
2024-12-19 09:45:26,489 [INFO] Placing order for level: {'symbol': 'NSE:NIFTY24D1924350CE', 'qty': 25, 'type': 1, 'side': -1, 'productType': 'INTRADAY', 'limitPrice': 14.100000000000001, 'validity': 'DAY'}
2024-12-19 09:45:26,740 [INFO] Handling order response after placing order {'code': 1101, 'message': 'Successfully placed order', 's': 'ok', 'id': '24121900089678'}
2024-12-19 09:45:26,770 [DEBUG] Exit order object created:.....
2024-12-19 09:45:26,771 [INFO] Processing after placing the order
2024-12-19 09:45:26,771 [DEBUG] Order placed successfully: 24121900089678
2024-12-19 09:45:26,771 [INFO] Both orders sent for level 0: Entry=24121900089663, Exit=24121900089678
2024-12-19 09:45:26,873 [DEBUG] Orders checking: entry_order=24121900089663, exit_order=24121900089678
2024-12-19 09:45:26,877 [DEBUG] Order id received from websocket 24121900089652
2024-12-19 09:45:26,877 [ERROR] Neither entry_order nor exit_order found in the message.
2024-12-19 09:45:26,879 [INFO] Strategy started for strategy id: 49
2024-12-19 09:45:26,899 [INFO] websocket started
2024-12-19 09:45:26,962 [INFO] New Levels, Current: Level 0 | 12.800 | 49, Next: Level 1 | 11.520 | 49, Previous: None
2024-12-19 09:45:26,962 [INFO] Placing initial market order.. for level: Level 0 | 12.800 | 49
2024-12-19 09:45:26,963 [INFO] Placing initial market order...Level 0 | 12.800 | 49
2024-12-19 09:45:26,989 [DEBUG] Extracting Price for Level: Level 0 | 12.800 | 49
2024-12-19 09:45:26,990 [DEBUG] Order Price: 12.8, Quantity: 25
2024-12-19 09:45:27,054 [INFO] Creating order data
2024-12-19 09:45:27,055 [INFO] Placing order for level: {'symbol': 'NSE:NIFTY24D1924350CE', 'qty': 25, 'type': 2, 'side': 1, 'productType': 'INTRADAY', 'limitPrice': None, 'validity': 'DAY'}
2024-12-19 09:45:27,321 [INFO] Handling order response after placing order {'code': 1101, 'message': 'Successfully placed order', 's': 'ok', 'id': '24121900089726'}
2024-12-19 09:45:27,339 [DEBUG] Entry order object created:.....
2024-12-19 09:45:27,339 [INFO] Processing after placing the order
2024-12-19 09:45:27,346 [DEBUG] Order placed successfully: 24121900089726
2024-12-19 09:45:27,353 [INFO] Processing next Level Index: 0
2024-12-19 09:45:27,357 [INFO] reached here second time
2024-12-19 09:45:27,373 [INFO] New Levels, Current: Level 0 | 12.800 | 49, Next: Level 1 | 11.520 | 49, Previous: None
2024-12-19 09:45:27,373 [DEBUG] Processing Level: 0, Current: Level 0 | 12.800 | 49, Previous: None, Next: Level 1 | 11.520 | 49
2024-12-19 09:45:27,380 [DEBUG] Extracting Price for Level: Level 1 | 11.520 | 49
2024-12-19 09:45:27,381 [DEBUG] Order Price: 11.5, Quantity: 25
2024-12-19 09:45:27,381 [INFO] Creating order data
2024-12-19 09:45:27,387 [INFO] Placing order for level: {'symbol': 'NSE:NIFTY24D1924350CE', 'qty': 25, 'type': 1, 'side': 1, 'productType': 'INTRADAY', 'limitPrice': 11.5, 'validity': 'DAY'}
2024-12-19 09:45:27,639 [INFO] Handling order response after placing order {'code': -99, 'message': 'RED:Margin Shortfall:INR 13.70 Available:INR 3,656.30 for C-XA46525 [FYERS_RISK_CUG]', 's': 'error', 'id': '24121900089753'}
2024-12-19 09:45:27,754 [INFO] Strategy started for strategy id: 49
2024-12-19 09:45:27,761 [INFO] websocket started
2024-12-19 09:45:27,778 [INFO] New Levels, Current: Level 0 | 12.800 | 49, Next: Level 1 | 11.520 | 49, Previous: None
2024-12-19 09:45:27,779 [INFO] Placing initial market order.. for level: Level 0 | 12.800 | 49
2024-12-19 09:45:27,781 [INFO] Placing initial market order...Level 0 | 12.800 | 49
2024-12-19 09:45:27,811 [DEBUG] Extracting Price for Level: Level 0 | 12.800 | 49
2024-12-19 09:45:27,871 [DEBUG] Order Price: 12.8, Quantity: 25
2024-12-19 09:45:27,872 [INFO] Creating order data
2024-12-19 09:45:27,876 [INFO] Placing order for level: {'symbol': 'NSE:NIFTY24D1924350CE', 'qty': 25, 'type': 2, 'side': 1, 'productType': 'INTRADAY', 'limitPrice': None, 'validity': 'DAY'}
2024-12-19 09:45:28,073 [INFO] Handling order response after placing order {'code': 1101, 'message': 'Successfully placed order', 's': 'ok', 'id': '24121900089779'}
2024-12-19 09:45:28,090 [DEBUG] Entry order object created:.....
2024-12-19 09:45:28,092 [INFO] Processing after placing the order
2024-12-19 09:45:28,098 [DEBUG] Order placed successfully: 24121900089779
2024-12-19 09:45:28,104 [INFO] Processing next Level Index: 0
2024-12-19 09:45:28,106 [INFO] reached here second time
2024-12-19 09:45:28,136 [INFO] New Levels, Current: Level 0 | 12.800 | 49, Next: Level 1 | 11.520 | 49, Previous: None
2024-12-19 09:45:28,138 [DEBUG] Processing Level: 0, Current: Level 0 | 12.800 | 49, Previous: None, Next: Level 1 | 11.520 | 49
2024-12-19 09:45:28,139 [DEBUG] Extracting Price for Level: Level 1 | 11.520 | 49
2024-12-19 09:45:28,139 [DEBUG] Order Price: 11.5, Quantity: 25
2024-12-19 09:45:28,145 [INFO] Creating order data
2024-12-19 09:45:28,146 [INFO] Placing order for level: {'symbol': 'NSE:NIFTY24D1924350CE', 'qty': 25, 'type': 1, 'side': 1, 'productType': 'INTRADAY', 'limitPrice': 11.5, 'validity': 'DAY'}
2024-12-19 09:45:28,479 [INFO] Handling order response after placing order {'code': -99, 'message': 'RED:Margin Shortfall:INR 277.45 Available:INR 3,656.30 for C-XA46525 [FYERS_RISK_CUG]', 's': 'error', 'id': '24121900089808'}
2024-12-19 09:45:28,481 [INFO] Strategy started for strategy id: 49
2024-12-19 09:45:28,488 [INFO] websocket started
2024-12-19 09:45:28,496 [INFO] New Levels, Current: Level 0 | 12.800 | 49, Next: Level 1 | 11.520 | 49, Previous: None
2024-12-19 09:45:28,501 [INFO] Placing initial market order.. for level: Level 0 | 12.800 | 49
2024-12-19 09:45:28,503 [INFO] Placing initial market order...Level 0 | 12.800 | 49
2024-12-19 09:45:28,504 [DEBUG] Extracting Price for Level: Level 0 | 12.800 | 49
2024-12-19 09:45:28,505 [DEBUG] Order Price: 12.8, Quantity: 25
2024-12-19 09:45:28,506 [INFO] Creating order data
2024-12-19 09:45:28,506 [INFO] Placing order for level: {'symbol': 'NSE:NIFTY24D1924350CE', 'qty': 25, 'type': 2, 'side': 1, 'productType': 'INTRADAY', 'limitPrice': None, 'validity': 'DAY'}
2024-12-19 09:45:28,905 [INFO] Handling order response after placing order {'code': -99, 'message': 'RED:Margin Shortfall:INR 231.20 Available:INR 3,656.30 for C-XA46525 [FYERS_RISK_CUG]', 's': 'error', 'id': '24121900089838'}
2024-12-19 09:45:28,905 [ERROR] Error placing initial market order: Unexpected error during order placement: Order placement failed with status code {'code': -99, 'message': 'RED:Margin Shortfall:INR 231.20 Available:INR 3,656.30 for C-XA46525 [FYERS_RISK_CUG]', 's': 'error', 'id': '24121900089838'}. | Order Details: {'code': -99, 'message': 'RED:Margin Shortfall:INR 231.20 Available:INR 3,656.30 for C-XA46525 [FYERS_RISK_CUG]', 's': 'error', 'id': '24121900089838'} | Order Details: {'side': 1, 'level': <OrderLevel: Level 0 | 12.800 | 49>}
2024-12-19 09:45:28,905 [INFO] Processing next Level Index: 0
2024-12-19 09:45:28,906 [INFO] reached here second time
2024-12-19 09:45:28,920 [INFO] New Levels, Current: Level 0 | 12.800 | 49, Next: Level 1 | 11.520 | 49, Previous: None
2024-12-19 09:45:28,921 [DEBUG] Processing Level: 0, Current: Level 0 | 12.800 | 49, Previous: None, Next: Level 1 | 11.520 | 49
2024-12-19 09:45:28,922 [DEBUG] Extracting Price for Level: Level 1 | 11.520 | 49
2024-12-19 09:45:28,922 [DEBUG] Order Price: 11.5, Quantity: 25
2024-12-19 09:45:28,923 [INFO] Creating order data
2024-12-19 09:45:28,935 [INFO] Placing order for level: {'symbol': 'NSE:NIFTY24D1924350CE', 'qty': 25, 'type': 1, 'side': 1, 'productType': 'INTRADAY', 'limitPrice': 11.5, 'validity': 'DAY'}
2024-12-19 09:45:29,274 [INFO] Handling order response after placing order {'code': -99, 'message': 'RED:Margin Shortfall:INR 277.45 Available:INR 3,656.30 for C-XA46525 [FYERS_RISK_CUG]', 's': 'error', 'id': '24121900089863'}
2024-12-19 09:45:29,277 [INFO] Strategy started for strategy id: 49
2024-12-19 09:45:29,292 [INFO] websocket started
2024-12-19 09:45:29,330 [INFO] New Levels, Current: Level 0 | 12.800 | 49, Next: Level 1 | 11.520 | 49, Previous: None
2024-12-19 09:45:29,332 [INFO] Placing initial market order.. for level: Level 0 | 12.800 | 49
2024-12-19 09:45:29,337 [INFO] Placing initial market order...Level 0 | 12.800 | 49
2024-12-19 09:45:29,338 [DEBUG] Extracting Price for Level: Level 0 | 12.800 | 49
2024-12-19 09:45:29,405 [DEBUG] Order Price: 12.8, Quantity: 25
2024-12-19 09:45:29,406 [INFO] Creating order data
2024-12-19 09:45:29,406 [INFO] Placing order for level: {'symbol': 'NSE:NIFTY24D1924350CE', 'qty': 25, 'type': 2, 'side': 1, 'productType': 'INTRADAY', 'limitPrice': None, 'validity': 'DAY'}
2024-12-19 09:45:29,668 [INFO] Handling order response after placing order {'code': -99, 'message': 'RED:Margin Shortfall:INR 231.20 Available:INR 3,656.30 for C-XA46525 [FYERS_RISK_CUG]', 's': 'error', 'id': '24121900089880'}
2024-12-19 09:45:29,670 [ERROR] Error placing initial market order: Unexpected error during order placement: Order placement failed with status code {'code': -99, 'message': 'RED:Margin Shortfall:INR 231.20 Available:INR 3,656.30 for C-XA46525 [FYERS_RISK_CUG]', 's': 'error', 'id': '24121900089880'}. | Order Details: {'code': -99, 'message': 'RED:Margin Shortfall:INR 231.20 Available:INR 3,656.30 for C-XA46525 [FYERS_RISK_CUG]', 's': 'error', 'id': '24121900089880'} | Order Details: {'side': 1, 'level': <OrderLevel: Level 0 | 12.800 | 49>}
2024-12-19 09:45:29,672 [INFO] Processing next Level Index: 0
2024-12-19 09:45:29,672 [INFO] reached here second time
2024-12-19 09:45:29,696 [INFO] New Levels, Current: Level 0 | 12.800 | 49, Next: Level 1 | 11.520 | 49, Previous: None
2024-12-19 09:45:29,696 [DEBUG] Processing Level: 0, Current: Level 0 | 12.800 | 49, Previous: None, Next: Level 1 | 11.520 | 49
2024-12-19 09:45:29,699 [DEBUG] Extracting Price for Level: Level 1 | 11.520 | 49
2024-12-19 09:45:29,700 [DEBUG] Order Price: 11.5, Quantity: 25
2024-12-19 09:45:29,705 [INFO] Creating order data
2024-12-19 09:45:29,705 [INFO] Placing order for level: {'symbol': 'NSE:NIFTY24D1924350CE', 'qty': 25, 'type': 1, 'side': 1, 'productType': 'INTRADAY', 'limitPrice': 11.5, 'validity': 'DAY'}
2024-12-19 09:45:30,000 [INFO] Handling order response after placing order {'code': -99, 'message': 'RED:Margin Shortfall:INR 277.45 Available:INR 3,656.30 for C-XA46525 [FYERS_RISK_CUG]', 's': 'error', 'id': '24121900089909'}
2024-12-19 09:45:30,004 [INFO] Strategy started for strategy id: 49
2024-12-19 09:45:30,006 [INFO] websocket started
2024-12-19 09:45:30,024 [INFO] New Levels, Current: Level 0 | 12.800 | 49, Next: Level 1 | 11.520 | 49, Previous: None
2024-12-19 09:45:30,024 [INFO] Placing initial market order.. for level: Level 0 | 12.800 | 49
2024-12-19 09:45:30,035 [INFO] Placing initial market order...Level 0 | 12.800 | 49
2024-12-19 09:45:30,039 [DEBUG] Extracting Price for Level: Level 0 | 12.800 | 49
2024-12-19 09:45:30,039 [DEBUG] Order Price: 12.8, Quantity: 25
2024-12-19 09:45:30,040 [INFO] Creating order data
2024-12-19 09:45:30,040 [INFO] Placing order for level: {'symbol': 'NSE:NIFTY24D1924350CE', 'qty': 25, 'type': 2, 'side': 1, 'productType': 'INTRADAY', 'limitPrice': None, 'validity': 'DAY'}
2024-12-19 09:45:30,451 [INFO] Handling order response after placing order {'code': -99, 'message': 'RED:Margin Shortfall:INR 231.20 Available:INR 3,656.30 for C-XA46525 [FYERS_RISK_CUG]', 's': 'error', 'id': '24121900089942'}
2024-12-19 09:45:30,453 [ERROR] Error placing initial market order: Unexpected error during order placement: Order placement failed with status code {'code': -99, 'message': 'RED:Margin Shortfall:INR 231.20 Available:INR 3,656.30 for C-XA46525 [FYERS_RISK_CUG]', 's': 'error', 'id': '24121900089942'}. | Order Details: {'code': -99, 'message': 'RED:Margin Shortfall:INR 231.20 Available:INR 3,656.30 for C-XA46525 [FYERS_RISK_CUG]', 's': 'error', 'id': '24121900089942'} | Order Details: {'side': 1, 'level': <OrderLevel: Level 0 | 12.800 | 49>}
2024-12-19 09:45:30,453 [INFO] Processing next Level Index: 0
2024-12-19 09:45:30,454 [INFO] reached here second time
2024-12-19 09:45:30,465 [INFO] New Levels, Current: Level 0 | 12.800 | 49, Next: Level 1 | 11.520 | 49, Previous: None
2024-12-19 09:45:30,468 [DEBUG] Processing Level: 0, Current: Level 0 | 12.800 | 49, Previous: None, Next: Level 1 | 11.520 | 49
2024-12-19 09:45:30,468 [DEBUG] Extracting Price for Level: Level 1 | 11.520 | 49
2024-12-19 09:45:30,469 [DEBUG] Order Price: 11.5, Quantity: 25
2024-12-19 09:45:30,470 [INFO] Creating order data
2024-12-19 09:45:30,470 [INFO] Placing order for level: {'symbol': 'NSE:NIFTY24D1924350CE', 'qty': 25, 'type': 1, 'side': 1, 'productType': 'INTRADAY', 'limitPrice': 11.5, 'validity': 'DAY'}
2024-12-19 09:45:30,754 [INFO] Handling order response after placing order {'code': -99, 'message': 'RED:Margin Shortfall:INR 277.45 Available:INR 3,656.30 for C-XA46525 [FYERS_RISK_CUG]', 's': 'error', 'id': '24121900089959'}
2024-12-19 09:45:30,755 [INFO] Strategy started for strategy id: 49
2024-12-19 09:45:30,771 [INFO] websocket started
2024-12-19 09:45:30,784 [INFO] New Levels, Current: Level 0 | 12.800 | 49, Next: Level 1 | 11.520 | 49, Previous: None
2024-12-19 09:45:30,788 [INFO] Placing initial market order.. for level: Level 0 | 12.800 | 49
2024-12-19 09:45:30,788 [INFO] Placing initial market order...Level 0 | 12.800 | 49
2024-12-19 09:45:30,789 [DEBUG] Extracting Price for Level: Level 0 | 12.800 | 49
2024-12-19 09:45:30,796 [DEBUG] Order Price: 12.8, Quantity: 25
2024-12-19 09:45:30,800 [INFO] Creating order data
2024-12-19 09:45:30,800 [INFO] Placing order for level: {'symbol': 'NSE:NIFTY24D1924350CE', 'qty': 25, 'type': 2, 'side': 1, 'productType': 'INTRADAY', 'limitPrice': None, 'validity': 'DAY'}
2024-12-19 09:45:31,103 [INFO] Handling order response after placing order {'code': -99, 'message': 'RED:Margin Shortfall:INR 231.20 Available:INR 3,656.30 for C-XA46525 [FYERS_RISK_CUG]', 's': 'error', 'id': '24121900089988'}
2024-12-19 09:45:31,104 [ERROR] Error placing initial market order: Unexpected error during order placement: Order placement failed with status code {'code': -99, 'message': 'RED:Margin Shortfall:INR 231.20 Available:INR 3,656.30 for C-XA46525 [FYERS_RISK_CUG]', 's': 'error', 'id': '24121900089988'}. | Order Details: {'code': -99, 'message': 'RED:Margin Shortfall:INR 231.20 Available:INR 3,656.30 for C-XA46525 [FYERS_RISK_CUG]', 's': 'error', 'id': '24121900089988'} | Order Details: {'side': 1, 'level': <OrderLevel: Level 0 | 12.800 | 49>}
2024-12-19 09:45:31,104 [INFO] Processing next Level Index: 0
2024-12-19 09:45:31,105 [INFO] reached here second time
2024-12-19 09:45:31,111 [INFO] New Levels, Current: Level 0 | 12.800 | 49, Next: Level 1 | 11.520 | 49, Previous: None
2024-12-19 09:45:31,112 [DEBUG] Processing Level: 0, Current: Level 0 | 12.800 | 49, Previous: None, Next: Level 1 | 11.520 | 49
2024-12-19 09:45:31,113 [DEBUG] Extracting Price for Level: Level 1 | 11.520 | 49
2024-12-19 09:45:31,113 [DEBUG] Order Price: 11.5, Quantity: 25
2024-12-19 09:45:31,113 [INFO] Creating order data
2024-12-19 09:45:31,114 [INFO] Placing order for level: {'symbol': 'NSE:NIFTY24D1924350CE', 'qty': 25, 'type': 1, 'side': 1, 'productType': 'INTRADAY', 'limitPrice': 11.5, 'validity': 'DAY'}
2024-12-19 09:45:31,346 [INFO] Handling order response after placing order {'code': -99, 'message': 'RED:Margin Shortfall:INR 277.45 Available:INR 3,656.30 for C-XA46525 [FYERS_RISK_CUG]', 's': 'error', 'id': '24121900090004'}
2024-12-19 09:45:31,348 [INFO] Strategy started for strategy id: 49
2024-12-19 09:45:31,350 [INFO] websocket started
2024-12-19 09:45:31,361 [INFO] New Levels, Current: Level 0 | 12.800 | 49, Next: Level 1 | 11.520 | 49, Previous: None
2024-12-19 09:45:31,362 [INFO] Placing initial market order.. for level: Level 0 | 12.800 | 49
2024-12-19 09:45:31,362 [INFO] Placing initial market order...Level 0 | 12.800 | 49
2024-12-19 09:45:31,363 [DEBUG] Extracting Price for Level: Level 0 | 12.800 | 49
2024-12-19 09:45:31,364 [DEBUG] Order Price: 12.8, Quantity: 25
2024-12-19 09:45:31,364 [INFO] Creating order data
2024-12-19 09:45:31,365 [INFO] Placing order for level: {'symbol': 'NSE:NIFTY24D1924350CE', 'qty': 25, 'type': 2, 'side': 1, 'productType': 'INTRADAY', 'limitPrice': None, 'validity': 'DAY'}
2024-12-19 09:45:31,524 [INFO] Handling order response after placing order {'code': -99, 'message': 'RED:Margin Shortfall:INR 231.20 Available:INR 3,656.30 for C-XA46525 [FYERS_RISK_CUG]', 's': 'error', 'id': '24121900090021'}
2024-12-19 09:45:31,526 [ERROR] Error placing initial market order: Unexpected error during order placement: Order placement failed with status code {'code': -99, 'message': 'RED:Margin Shortfall:INR 231.20 Available:INR 3,656.30 for C-XA46525 [FYERS_RISK_CUG]', 's': 'error', 'id': '24121900090021'}. | Order Details: {'code': -99, 'message': 'RED:Margin Shortfall:INR 231.20 Available:INR 3,656.30 for C-XA46525 [FYERS_RISK_CUG]', 's': 'error', 'id': '24121900090021'} | Order Details: {'side': 1, 'level': <OrderLevel: Level 0 | 12.800 | 49>}
2024-12-19 09:45:31,527 [INFO] Processing next Level Index: 0
2024-12-19 09:45:31,527 [INFO] reached here second time
2024-12-19 09:45:31,550 [INFO] New Levels, Current: Level 0 | 12.800 | 49, Next: Level 1 | 11.520 | 49, Previous: None
2024-12-19 09:45:31,551 [DEBUG] Processing Level: 0, Current: Level 0 | 12.800 | 49, Previous: None, Next: Level 1 | 11.520 | 49
2024-12-19 09:45:31,552 [DEBUG] Extracting Price for Level: Level 1 | 11.520 | 49
2024-12-19 09:45:31,556 [DEBUG] Order Price: 11.5, Quantity: 25
2024-12-19 09:45:31,563 [INFO] Creating order data
2024-12-19 09:45:31,564 [INFO] Placing order for level: {'symbol': 'NSE:NIFTY24D1924350CE', 'qty': 25, 'type': 1, 'side': 1, 'productType': 'INTRADAY', 'limitPrice': 11.5, 'validity': 'DAY'}
2024-12-19 09:45:31,771 [INFO] Handling order response after placing order {'code': -99, 'message': 'RED:Margin Shortfall:INR 277.45 Available:INR 3,656.30 for C-XA46525 [FYERS_RISK_CUG]', 's': 'error', 'id': '24121900090041'}
2024-12-19 09:45:31,773 [INFO] Strategy started for strategy id: 49
2024-12-19 09:45:31,788 [INFO] websocket started
2024-12-19 09:45:31,801 [INFO] New Levels, Current: Level 0 | 12.800 | 49, Next: Level 1 | 11.520 | 49, Previous: None
2024-12-19 09:45:31,801 [INFO] Placing initial market order.. for level: Level 0 | 12.800 | 49
2024-12-19 09:45:31,802 [INFO] Placing initial market order...Level 0 | 12.800 | 49
2024-12-19 09:45:31,802 [DEBUG] Extracting Price for Level: Level 0 | 12.800 | 49
2024-12-19 09:45:31,804 [DEBUG] Order Price: 12.8, Quantity: 25
2024-12-19 09:45:31,804 [INFO] Creating order data
2024-12-19 09:45:31,805 [INFO] Placing order for level: {'symbol': 'NSE:NIFTY24D1924350CE', 'qty': 25, 'type': 2, 'side': 1, 'productType': 'INTRADAY', 'limitPrice': None, 'validity': 'DAY'}
2024-12-19 09:45:32,015 [INFO] Handling order response after placing order {'code': -99, 'message': 'RED:Margin Shortfall:INR 231.20 Available:INR 3,656.30 for C-XA46525 [FYERS_RISK_CUG]', 's': 'error', 'id': '24121900090060'}
2024-12-19 09:45:32,018 [ERROR] Error placing initial market order: Unexpected error during order placement: Order placement failed with status code {'code': -99, 'message': 'RED:Margin Shortfall:INR 231.20 Available:INR 3,656.30 for C-XA46525 [FYERS_RISK_CUG]', 's': 'error', 'id': '24121900090060'}. | Order Details: {'code': -99, 'message': 'RED:Margin Shortfall:INR 231.20 Available:INR 3,656.30 for C-XA46525 [FYERS_RISK_CUG]', 's': 'error', 'id': '24121900090060'} | Order Details: {'side': 1, 'level': <OrderLevel: Level 0 | 12.800 | 49>}
2024-12-19 09:45:32,019 [INFO] Processing next Level Index: 0
2024-12-19 09:45:32,021 [INFO] reached here second time
2024-12-19 09:45:32,035 [INFO] New Levels, Current: Level 0 | 12.800 | 49, Next: Level 1 | 11.520 | 49, Previous: None
2024-12-19 09:45:32,035 [DEBUG] Processing Level: 0, Current: Level 0 | 12.800 | 49, Previous: None, Next: Level 1 | 11.520 | 49
2024-12-19 09:45:32,038 [DEBUG] Extracting Price for Level: Level 1 | 11.520 | 49
2024-12-19 09:45:32,039 [DEBUG] Order Price: 11.5, Quantity: 25
2024-12-19 09:45:32,042 [INFO] Creating order data
2024-12-19 09:45:32,043 [INFO] Placing order for level: {'symbol': 'NSE:NIFTY24D1924350CE', 'qty': 25, 'type': 1, 'side': 1, 'productType': 'INTRADAY', 'limitPrice': 11.5, 'validity': 'DAY'}
2024-12-19 09:45:32,272 [INFO] Handling order response after placing order {'code': -99, 'message': 'RED:Margin Shortfall:INR 277.45 Available:INR 3,656.30 for C-XA46525 [FYERS_RISK_CUG]', 's': 'error', 'id': '24121900090069'}
2024-12-19 09:45:32,273 [INFO] Strategy started for strategy id: 49
2024-12-19 09:45:32,279 [INFO] websocket started
2024-12-19 09:45:32,284 [INFO] New Levels, Current: Level 0 | 12.800 | 49, Next: Level 1 | 11.520 | 49, Previous: None
2024-12-19 09:45:32,286 [INFO] Placing initial market order.. for level: Level 0 | 12.800 | 49
2024-12-19 09:45:32,287 [INFO] Placing initial market order...Level 0 | 12.800 | 49
2024-12-19 09:45:32,287 [DEBUG] Extracting Price for Level: Level 0 | 12.800 | 49
2024-12-19 09:45:32,288 [DEBUG] Order Price: 12.8, Quantity: 25
2024-12-19 09:45:32,288 [INFO] Creating order data
2024-12-19 09:45:32,289 [INFO] Placing order for level: {'symbol': 'NSE:NIFTY24D1924350CE', 'qty': 25, 'type': 2, 'side': 1, 'productType': 'INTRADAY', 'limitPrice': None, 'validity': 'DAY'}
2024-12-19 09:45:32,479 [INFO] Handling order response after placing order {'code': -99, 'message': 'RED:Margin Shortfall:INR 223.70 Available:INR 3,656.30 for C-XA46525 [FYERS_RISK_CUG]', 's': 'error', 'id': '24121900090094'}
2024-12-19 09:45:32,479 [ERROR] Error placing initial market order: Unexpected error during order placement: Order placement failed with status code {'code': -99, 'message': 'RED:Margin Shortfall:INR 223.70 Available:INR 3,656.30 for C-XA46525 [FYERS_RISK_CUG]', 's': 'error', 'id': '24121900090094'}. | Order Details: {'code': -99, 'message': 'RED:Margin Shortfall:INR 223.70 Available:INR 3,656.30 for C-XA46525 [FYERS_RISK_CUG]', 's': 'error', 'id': '24121900090094'} | Order Details: {'side': 1, 'level': <OrderLevel: Level 0 | 12.800 | 49>}
2024-12-19 09:45:32,479 [INFO] Processing next Level Index: 0
2024-12-19 09:45:32,480 [INFO] reached here second time
2024-12-19 09:45:32,487 [INFO] New Levels, Current: Level 0 | 12.800 | 49, Next: Level 1 | 11.520 | 49, Previous: None
2024-12-19 09:45:32,488 [DEBUG] Processing Level: 0, Current: Level 0 | 12.800 | 49, Previous: None, Next: Level 1 | 11.520 | 49
2024-12-19 09:45:32,488 [DEBUG] Extracting Price for Level: Level 1 | 11.520 | 49
2024-12-19 09:45:32,489 [DEBUG] Order Price: 11.5, Quantity: 25
2024-12-19 09:45:32,489 [INFO] Creating order data
2024-12-19 09:45:32,490 [INFO] Placing order for level: {'symbol': 'NSE:NIFTY24D1924350CE', 'qty': 25, 'type': 1, 'side': 1, 'productType': 'INTRADAY', 'limitPrice': 11.5, 'validity': 'DAY'}
2024-12-19 09:45:32,678 [INFO] Handling order response after placing order {'code': -99, 'message': 'RED:Margin Shortfall:INR 277.45 Available:INR 3,656.30 for C-XA46525 [FYERS_RISK_CUG]', 's': 'error', 'id': '24121900090113'}
2024-12-19 09:45:32,678 [INFO] Strategy started for strategy id: 49
2024-12-19 09:45:32,680 [INFO] websocket started
2024-12-19 09:45:32,688 [INFO] New Levels, Current: Level 0 | 12.800 | 49, Next: Level 1 | 11.520 | 49, Previous: None
2024-12-19 09:45:32,688 [INFO] Placing initial market order.. for level: Level 0 | 12.800 | 49
2024-12-19 09:45:32,688 [INFO] Placing initial market order...Level 0 | 12.800 | 49
2024-12-19 09:45:32,689 [DEBUG] Extracting Price for Level: Level 0 | 12.800 | 49
2024-12-19 09:45:32,690 [DEBUG] Order Price: 12.8, Quantity: 25
2024-12-19 09:45:32,691 [INFO] Creating order data
2024-12-19 09:45:32,692 [INFO] Placing order for level: {'symbol': 'NSE:NIFTY24D1924350CE', 'qty': 25, 'type': 2, 'side': 1, 'productType': 'INTRADAY', 'limitPrice': None, 'validity': 'DAY'}
2024-12-19 09:45:32,940 [INFO] Handling order response after placing order {'code': -99, 'message': 'RED:Margin Shortfall:INR 223.70 Available:INR 3,656.30 for C-XA46525 [FYERS_RISK_CUG]', 's': 'error', 'id': '24121900090155'}
2024-12-19 09:45:32,941 [ERROR] Error placing initial market order: Unexpected error during order placement: Order placement failed with status code {'code': -99, 'message': 'RED:Margin Shortfall:INR 223.70 Available:INR 3,656.30 for C-XA46525 [FYERS_RISK_CUG]', 's': 'error', 'id': '24121900090155'}. | Order Details: {'code': -99, 'message': 'RED:Margin Shortfall:INR 223.70 Available:INR 3,656.30 for C-XA46525 [FYERS_RISK_CUG]', 's': 'error', 'id': '24121900090155'} | Order Details: {'side': 1, 'level': <OrderLevel: Level 0 | 12.800 | 49>}
2024-12-19 09:45:32,941 [INFO] Processing next Level Index: 0
2024-12-19 09:45:32,942 [INFO] reached here second time
2024-12-19 09:45:32,949 [INFO] New Levels, Current: Level 0 | 12.800 | 49, Next: Level 1 | 11.520 | 49, Previous: None
2024-12-19 09:45:32,949 [DEBUG] Processing Level: 0, Current: Level 0 | 12.800 | 49, Previous: None, Next: Level 1 | 11.520 | 49
2024-12-19 09:45:32,950 [DEBUG] Extracting Price for Level: Level 1 | 11.520 | 49
2024-12-19 09:45:32,950 [DEBUG] Order Price: 11.5, Quantity: 25
2024-12-19 09:45:32,951 [INFO] Creating order data
2024-12-19 09:45:32,951 [INFO] Placing order for level: {'symbol': 'NSE:NIFTY24D1924350CE', 'qty': 25, 'type': 1, 'side': 1, 'productType': 'INTRADAY', 'limitPrice': 11.5, 'validity': 'DAY'}
2024-12-19 09:45:33,139 [INFO] Handling order response after placing order {'code': -99, 'message': 'RED:Margin Shortfall:INR 277.45 Available:INR 3,656.30 for C-XA46525 [FYERS_RISK_CUG]', 's': 'error', 'id': '24121900090169'}
2024-12-19 09:45:33,140 [INFO] Strategy started for strategy id: 49
2024-12-19 09:45:33,143 [INFO] websocket started
2024-12-19 09:45:33,151 [INFO] New Levels, Current: Level 0 | 12.800 | 49, Next: Level 1 | 11.520 | 49, Previous: None
2024-12-19 09:45:33,154 [INFO] Placing initial market order.. for level: Level 0 | 12.800 | 49
2024-12-19 09:45:33,154 [INFO] Placing initial market order...Level 0 | 12.800 | 49
2024-12-19 09:45:33,154 [DEBUG] Extracting Price for Level: Level 0 | 12.800 | 49
2024-12-19 09:45:33,155 [DEBUG] Order Price: 12.8, Quantity: 25
2024-12-19 09:45:33,155 [INFO] Creating order data
2024-12-19 09:45:33,157 [INFO] Placing order for level: {'symbol': 'NSE:NIFTY24D1924350CE', 'qty': 25, 'type': 2, 'side': 1, 'productType': 'INTRADAY', 'limitPrice': None, 'validity': 'DAY'}
2024-12-19 09:45:33,373 [INFO] Handling order response after placing order {'code': -99, 'message': 'RED:Margin Shortfall:INR 223.70 Available:INR 3,656.30 for C-XA46525 [FYERS_RISK_CUG]', 's': 'error', 'id': '24121900090187'}
2024-12-19 09:45:33,373 [ERROR] Error placing initial market order: Unexpected error during order placement: Order placement failed with status code {'code': -99, 'message': 'RED:Margin Shortfall:INR 223.70 Available:INR 3,656.30 for C-XA46525 [FYERS_RISK_CUG]', 's': 'error', 'id': '24121900090187'}. | Order Details: {'code': -99, 'message': 'RED:Margin Shortfall:INR 223.70 Available:INR 3,656.30 for C-XA46525 [FYERS_RISK_CUG]', 's': 'error', 'id': '24121900090187'} | Order Details: {'side': 1, 'level': <OrderLevel: Level 0 | 12.800 | 49>}
2024-12-19 09:45:33,373 [INFO] Processing next Level Index: 0
2024-12-19 09:45:33,375 [INFO] reached here second time
2024-12-19 09:45:33,383 [INFO] New Levels, Current: Level 0 | 12.800 | 49, Next: Level 1 | 11.520 | 49, Previous: None
2024-12-19 09:45:33,383 [DEBUG] Processing Level: 0, Current: Level 0 | 12.800 | 49, Previous: None, Next: Level 1 | 11.520 | 49
2024-12-19 09:45:33,384 [DEBUG] Extracting Price for Level: Level 1 | 11.520 | 49
2024-12-19 09:45:33,384 [DEBUG] Order Price: 11.5, Quantity: 25
2024-12-19 09:45:33,385 [INFO] Creating order data
2024-12-19 09:45:33,385 [INFO] Placing order for level: {'symbol': 'NSE:NIFTY24D1924350CE', 'qty': 25, 'type': 1, 'side': 1, 'productType': 'INTRADAY', 'limitPrice': 11.5, 'validity': 'DAY'}
2024-12-19 09:45:33,594 [INFO] Handling order response after placing order {'code': -99, 'message': 'RED:Margin Shortfall:INR 277.45 Available:INR 3,656.30 for C-XA46525 [FYERS_RISK_CUG]', 's': 'error', 'id': '24121900090218'}
2024-12-19 09:45:33,594 [INFO] Strategy started for strategy id: 49
2024-12-19 09:45:33,598 [INFO] websocket started
2024-12-19 09:45:33,606 [INFO] New Levels, Current: Level 0 | 12.800 | 49, Next: Level 1 | 11.520 | 49, Previous: None
2024-12-19 09:45:33,607 [INFO] Placing initial market order.. for level: Level 0 | 12.800 | 49
2024-12-19 09:45:33,607 [INFO] Placing initial market order...Level 0 | 12.800 | 49
2024-12-19 09:45:33,610 [DEBUG] Extracting Price for Level: Level 0 | 12.800 | 49
2024-12-19 09:45:33,610 [DEBUG] Order Price: 12.8, Quantity: 25
2024-12-19 09:45:33,611 [INFO] Creating order data
2024-12-19 09:45:33,612 [INFO] Placing order for level: {'symbol': 'NSE:NIFTY24D1924350CE', 'qty': 25, 'type': 2, 'side': 1, 'productType': 'INTRADAY', 'limitPrice': None, 'validity': 'DAY'}
2024-12-19 09:45:33,848 [INFO] Handling order response after placing order {'code': -99, 'message': 'RED:Margin Shortfall:INR 223.70 Available:INR 3,656.30 for C-XA46525 [FYERS_RISK_CUG]', 's': 'error', 'id': '24121900090238'}
2024-12-19 09:45:33,849 [ERROR] Error placing initial market order: Unexpected error during order placement: Order placement failed with status code {'code': -99, 'message': 'RED:Margin Shortfall:INR 223.70 Available:INR 3,656.30 for C-XA46525 [FYERS_RISK_CUG]', 's': 'error', 'id': '24121900090238'}. | Order Details: {'code': -99, 'message': 'RED:Margin Shortfall:INR 223.70 Available:INR 3,656.30 for C-XA46525 [FYERS_RISK_CUG]', 's': 'error', 'id': '24121900090238'} | Order Details: {'side': 1, 'level': <OrderLevel: Level 0 | 12.800 | 49>}
2024-12-19 09:45:33,850 [INFO] Processing next Level Index: 0
2024-12-19 09:45:33,851 [INFO] reached here second time
2024-12-19 09:45:33,862 [INFO] New Levels, Current: Level 0 | 12.800 | 49, Next: Level 1 | 11.520 | 49, Previous: None
2024-12-19 09:45:33,863 [DEBUG] Processing Level: 0, Current: Level 0 | 12.800 | 49, Previous: None, Next: Level 1 | 11.520 | 49
2024-12-19 09:45:33,863 [DEBUG] Extracting Price for Level: Level 1 | 11.520 | 49
2024-12-19 09:45:33,867 [DEBUG] Order Price: 11.5, Quantity: 25
2024-12-19 09:45:33,868 [INFO] Creating order data
2024-12-19 09:45:33,869 [INFO] Placing order for level: {'symbol': 'NSE:NIFTY24D1924350CE', 'qty': 25, 'type': 1, 'side': 1, 'productType': 'INTRADAY', 'limitPrice': 11.5, 'validity': 'DAY'}
2024-12-19 09:45:34,043 [INFO] Handling order response after placing order {'code': -99, 'message': 'RED:Margin Shortfall:INR 277.45 Available:INR 3,656.30 for C-XA46525 [FYERS_RISK_CUG]', 's': 'error', 'id': '24121900090253'}
2024-12-19 09:45:34,043 [INFO] Strategy started for strategy id: 49
2024-12-19 09:45:34,045 [INFO] websocket started
2024-12-19 09:45:34,053 [INFO] New Levels, Current: Level 0 | 12.800 | 49, Next: Level 1 | 11.520 | 49, Previous: None
2024-12-19 09:45:34,053 [INFO] Placing initial market order.. for level: Level 0 | 12.800 | 49
2024-12-19 09:45:34,054 [INFO] Placing initial market order...Level 0 | 12.800 | 49
2024-12-19 09:45:34,054 [DEBUG] Extracting Price for Level: Level 0 | 12.800 | 49
2024-12-19 09:45:34,056 [DEBUG] Order Price: 12.8, Quantity: 25
2024-12-19 09:45:34,056 [INFO] Creating order data
2024-12-19 09:45:34,083 [INFO] Placing order for level: {'symbol': 'NSE:NIFTY24D1924350CE', 'qty': 25, 'type': 2, 'side': 1, 'productType': 'INTRADAY', 'limitPrice': None, 'validity': 'DAY'}
2024-12-19 09:45:34,247 [INFO] Handling order response after placing order {'code': -99, 'message': 'RED:Margin Shortfall:INR 223.70 Available:INR 3,656.30 for C-XA46525 [FYERS_RISK_CUG]', 's': 'error', 'id': '24121900090273'}
2024-12-19 09:45:34,249 [ERROR] Error placing initial market order: Unexpected error during order placement: Order placement failed with status code {'code': -99, 'message': 'RED:Margin Shortfall:INR 223.70 Available:INR 3,656.30 for C-XA46525 [FYERS_RISK_CUG]', 's': 'error', 'id': '24121900090273'}. | Order Details: {'code': -99, 'message': 'RED:Margin Shortfall:INR 223.70 Available:INR 3,656.30 for C-XA46525 [FYERS_RISK_CUG]', 's': 'error', 'id': '24121900090273'} | Order Details: {'side': 1, 'level': <OrderLevel: Level 0 | 12.800 | 49>}
2024-12-19 09:45:34,251 [INFO] Processing next Level Index: 0
2024-12-19 09:45:34,255 [INFO] reached here second time
2024-12-19 09:45:34,266 [INFO] New Levels, Current: Level 0 | 12.800 | 49, Next: Level 1 | 11.520 | 49, Previous: None
2024-12-19 09:45:34,268 [DEBUG] Processing Level: 0, Current: Level 0 | 12.800 | 49, Previous: None, Next: Level 1 | 11.520 | 49
2024-12-19 09:45:34,269 [DEBUG] Extracting Price for Level: Level 1 | 11.520 | 49
2024-12-19 09:45:34,273 [DEBUG] Order Price: 11.5, Quantity: 25
2024-12-19 09:45:34,275 [INFO] Creating order data
2024-12-19 09:45:34,278 [INFO] Placing order for level: {'symbol': 'NSE:NIFTY24D1924350CE', 'qty': 25, 'type': 1, 'side': 1, 'productType': 'INTRADAY', 'limitPrice': 11.5, 'validity': 'DAY'}
2024-12-19 09:45:34,467 [INFO] Handling order response after placing order {'code': -99, 'message': 'RED:Margin Shortfall:INR 277.45 Available:INR 3,656.30 for C-XA46525 [FYERS_RISK_CUG]', 's': 'error', 'id': '24121900090296'}
2024-12-19 09:45:34,468 [INFO] Strategy started for strategy id: 49
2024-12-19 09:45:34,469 [INFO] websocket started
2024-12-19 09:45:34,475 [INFO] New Levels, Current: Level 0 | 12.800 | 49, Next: Level 1 | 11.520 | 49, Previous: None
2024-12-19 09:45:34,475 [INFO] Placing initial market order.. for level: Level 0 | 12.800 | 49
2024-12-19 09:45:34,476 [INFO] Placing initial market order...Level 0 | 12.800 | 49
2024-12-19 09:45:34,477 [DEBUG] Extracting Price for Level: Level 0 | 12.800 | 49
2024-12-19 09:45:34,477 [DEBUG] Order Price: 12.8, Quantity: 25
2024-12-19 09:45:34,478 [INFO] Creating order data
2024-12-19 09:45:34,478 [INFO] Placing order for level: {'symbol': 'NSE:NIFTY24D1924350CE', 'qty': 25, 'type': 2, 'side': 1, 'productType': 'INTRADAY', 'limitPrice': None, 'validity': 'DAY'}
2024-12-19 09:45:34,674 [INFO] Handling order response after placing order {'code': -99, 'message': 'RED:Margin Shortfall:INR 222.45 Available:INR 3,656.30 for C-XA46525 [FYERS_RISK_CUG]', 's': 'error', 'id': '24121900090310'}
2024-12-19 09:45:34,674 [ERROR] Error placing initial market order: Unexpected error during order placement: Order placement failed with status code {'code': -99, 'message': 'RED:Margin Shortfall:INR 222.45 Available:INR 3,656.30 for C-XA46525 [FYERS_RISK_CUG]', 's': 'error', 'id': '24121900090310'}. | Order Details: {'code': -99, 'message': 'RED:Margin Shortfall:INR 222.45 Available:INR 3,656.30 for C-XA46525 [FYERS_RISK_CUG]', 's': 'error', 'id': '24121900090310'} | Order Details: {'side': 1, 'level': <OrderLevel: Level 0 | 12.800 | 49>}
2024-12-19 09:45:34,676 [INFO] Processing next Level Index: 0
2024-12-19 09:45:34,676 [INFO] reached here second time
2024-12-19 09:45:34,683 [INFO] New Levels, Current: Level 0 | 12.800 | 49, Next: Level 1 | 11.520 | 49, Previous: None
2024-12-19 09:45:34,683 [DEBUG] Processing Level: 0, Current: Level 0 | 12.800 | 49, Previous: None, Next: Level 1 | 11.520 | 49
2024-12-19 09:45:34,684 [DEBUG] Extracting Price for Level: Level 1 | 11.520 | 49
2024-12-19 09:45:34,684 [DEBUG] Order Price: 11.5, Quantity: 25
2024-12-19 09:45:34,685 [INFO] Creating order data
2024-12-19 09:45:34,686 [INFO] Placing order for level: {'symbol': 'NSE:NIFTY24D1924350CE', 'qty': 25, 'type': 1, 'side': 1, 'productType': 'INTRADAY', 'limitPrice': 11.5, 'validity': 'DAY'}
2024-12-19 09:45:34,892 [INFO] Handling order response after placing order {'code': -99, 'message': 'RED:Margin Shortfall:INR 277.45 Available:INR 3,656.30 for C-XA46525 [FYERS_RISK_CUG]', 's': 'error', 'id': '24121900090317'}
2024-12-19 09:45:34,892 [INFO] Strategy started for strategy id: 49
2024-12-19 09:45:34,894 [INFO] websocket started
2024-12-19 09:45:34,901 [INFO] New Levels, Current: Level 0 | 12.800 | 49, Next: Level 1 | 11.520 | 49, Previous: None
2024-12-19 09:45:34,901 [INFO] Placing initial market order.. for level: Level 0 | 12.800 | 49
2024-12-19 09:45:34,902 [INFO] Placing initial market order...Level 0 | 12.800 | 49
2024-12-19 09:45:34,903 [DEBUG] Extracting Price for Level: Level 0 | 12.800 | 49
2024-12-19 09:45:34,903 [DEBUG] Order Price: 12.8, Quantity: 25
2024-12-19 09:45:34,905 [INFO] Creating order data
2024-12-19 09:45:34,905 [INFO] Placing order for level: {'symbol': 'NSE:NIFTY24D1924350CE', 'qty': 25, 'type': 2, 'side': 1, 'productType': 'INTRADAY', 'limitPrice': None, 'validity': 'DAY'}
2024-12-19 09:45:35,066 [INFO] Handling order response after placing order {'code': -99, 'message': 'RED:Margin Shortfall:INR 222.45 Available:INR 3,656.30 for C-XA46525 [FYERS_RISK_CUG]', 's': 'error', 'id': '24121900090327'}
2024-12-19 09:45:35,067 [ERROR] Error placing initial market order: Unexpected error during order placement: Order placement failed with status code {'code': -99, 'message': 'RED:Margin Shortfall:INR 222.45 Available:INR 3,656.30 for C-XA46525 [FYERS_RISK_CUG]', 's': 'error', 'id': '24121900090327'}. | Order Details: {'code': -99, 'message': 'RED:Margin Shortfall:INR 222.45 Available:INR 3,656.30 for C-XA46525 [FYERS_RISK_CUG]', 's': 'error', 'id': '24121900090327'} | Order Details: {'side': 1, 'level': <OrderLevel: Level 0 | 12.800 | 49>}
2024-12-19 09:45:35,067 [INFO] Processing next Level Index: 0
2024-12-19 09:45:35,068 [INFO] reached here second time
2024-12-19 09:45:35,076 [INFO] New Levels, Current: Level 0 | 12.800 | 49, Next: Level 1 | 11.520 | 49, Previous: None
2024-12-19 09:45:35,077 [DEBUG] Processing Level: 0, Current: Level 0 | 12.800 | 49, Previous: None, Next: Level 1 | 11.520 | 49
2024-12-19 09:45:35,078 [DEBUG] Extracting Price for Level: Level 1 | 11.520 | 49
2024-12-19 09:45:35,078 [DEBUG] Order Price: 11.5, Quantity: 25
2024-12-19 09:45:35,079 [INFO] Creating order data
2024-12-19 09:45:35,079 [INFO] Placing order for level: {'symbol': 'NSE:NIFTY24D1924350CE', 'qty': 25, 'type': 1, 'side': 1, 'productType': 'INTRADAY', 'limitPrice': 11.5, 'validity': 'DAY'}
2024-12-19 09:45:35,345 [INFO] Handling order response after placing order {'code': -99, 'message': 'RED:Margin Shortfall:INR 277.45 Available:INR 3,656.30 for C-XA46525 [FYERS_RISK_CUG]', 's': 'error', 'id': '24121900090349'}
2024-12-19 09:45:35,346 [INFO] Strategy started for strategy id: 49
2024-12-19 09:45:35,352 [INFO] websocket started
2024-12-19 09:45:35,370 [INFO] New Levels, Current: Level 0 | 12.800 | 49, Next: Level 1 | 11.520 | 49, Previous: None
2024-12-19 09:45:35,370 [INFO] Placing initial market order.. for level: Level 0 | 12.800 | 49
2024-12-19 09:45:35,371 [INFO] Placing initial market order...Level 0 | 12.800 | 49
2024-12-19 09:45:35,371 [DEBUG] Extracting Price for Level: Level 0 | 12.800 | 49
2024-12-19 09:45:35,372 [DEBUG] Order Price: 12.8, Quantity: 25
2024-12-19 09:45:35,372 [INFO] Creating order data
2024-12-19 09:45:35,373 [INFO] Placing order for level: {'symbol': 'NSE:NIFTY24D1924350CE', 'qty': 25, 'type': 2, 'side': 1, 'productType': 'INTRADAY', 'limitPrice': None, 'validity': 'DAY'}
2024-12-19 09:45:35,603 [INFO] Handling order response after placing order {'code': -99, 'message': 'RED:Margin Shortfall:INR 222.45 Available:INR 3,656.30 for C-XA46525 [FYERS_RISK_CUG]', 's': 'error', 'id': '24121900090362'}
2024-12-19 09:45:35,605 [ERROR] Error placing initial market order: Unexpected error during order placement: Order placement failed with status code {'code': -99, 'message': 'RED:Margin Shortfall:INR 222.45 Available:INR 3,656.30 for C-XA46525 [FYERS_RISK_CUG]', 's': 'error', 'id': '24121900090362'}. | Order Details: {'code': -99, 'message': 'RED:Margin Shortfall:INR 222.45 Available:INR 3,656.30 for C-XA46525 [FYERS_RISK_CUG]', 's': 'error', 'id': '24121900090362'} | Order Details: {'side': 1, 'level': <OrderLevel: Level 0 | 12.800 | 49>}
2024-12-19 09:45:35,606 [INFO] Processing next Level Index: 0
2024-12-19 09:45:35,606 [INFO] reached here second time
2024-12-19 09:45:35,620 [INFO] New Levels, Current: Level 0 | 12.800 | 49, Next: Level 1 | 11.520 | 49, Previous: None
2024-12-19 09:45:35,620 [DEBUG] Processing Level: 0, Current: Level 0 | 12.800 | 49, Previous: None, Next: Level 1 | 11.520 | 49
2024-12-19 09:45:35,621 [DEBUG] Extracting Price for Level: Level 1 | 11.520 | 49
2024-12-19 09:45:35,621 [DEBUG] Order Price: 11.5, Quantity: 25
2024-12-19 09:45:35,622 [INFO] Creating order data
2024-12-19 09:45:35,623 [INFO] Placing order for level: {'symbol': 'NSE:NIFTY24D1924350CE', 'qty': 25, 'type': 1, 'side': 1, 'productType': 'INTRADAY', 'limitPrice': 11.5, 'validity': 'DAY'}
2024-12-19 09:45:35,877 [INFO] Handling order response after placing order {'code': -99, 'message': 'RED:Margin Shortfall:INR 277.45 Available:INR 3,656.30 for C-XA46525 [FYERS_RISK_CUG]', 's': 'error', 'id': '24121900090378'}
2024-12-19 09:45:35,879 [INFO] Strategy started for strategy id: 49
2024-12-19 09:45:35,889 [INFO] websocket started
2024-12-19 09:45:35,913 [INFO] New Levels, Current: Level 0 | 12.800 | 49, Next: Level 1 | 11.520 | 49, Previous: None
2024-12-19 09:45:35,920 [INFO] Placing initial market order.. for level: Level 0 | 12.800 | 49
2024-12-19 09:45:35,923 [INFO] Placing initial market order...Level 0 | 12.800 | 49
2024-12-19 09:45:35,928 [DEBUG] Extracting Price for Level: Level 0 | 12.800 | 49
2024-12-19 09:45:35,929 [DEBUG] Order Price: 12.8, Quantity: 25
2024-12-19 09:45:35,930 [INFO] Creating order data
2024-12-19 09:45:35,982 [INFO] Placing order for level: {'symbol': 'NSE:NIFTY24D1924350CE', 'qty': 25, 'type': 2, 'side': 1, 'productType': 'INTRADAY', 'limitPrice': None, 'validity': 'DAY'}
2024-12-19 09:45:36,256 [INFO] Handling order response after placing order {'code': -99, 'message': 'RED:Margin Shortfall:INR 222.45 Available:INR 3,656.30 for C-XA46525 [FYERS_RISK_CUG]', 's': 'error', 'id': '24121900090397'}
2024-12-19 09:45:36,258 [ERROR] Error placing initial market order: Unexpected error during order placement: Order placement failed with status code {'code': -99, 'message': 'RED:Margin Shortfall:INR 222.45 Available:INR 3,656.30 for C-XA46525 [FYERS_RISK_CUG]', 's': 'error', 'id': '24121900090397'}. | Order Details: {'code': -99, 'message': 'RED:Margin Shortfall:INR 222.45 Available:INR 3,656.30 for C-XA46525 [FYERS_RISK_CUG]', 's': 'error', 'id': '24121900090397'} | Order Details: {'side': 1, 'level': <OrderLevel: Level 0 | 12.800 | 49>}
2024-12-19 09:45:36,261 [INFO] Processing next Level Index: 0
2024-12-19 09:45:36,262 [INFO] reached here second time
2024-12-19 09:45:36,278 [INFO] New Levels, Current: Level 0 | 12.800 | 49, Next: Level 1 | 11.520 | 49, Previous: None
2024-12-19 09:45:36,278 [DEBUG] Processing Level: 0, Current: Level 0 | 12.800 | 49, Previous: None, Next: Level 1 | 11.520 | 49
2024-12-19 09:45:36,281 [DEBUG] Extracting Price for Level: Level 1 | 11.520 | 49
2024-12-19 09:45:36,282 [DEBUG] Order Price: 11.5, Quantity: 25
2024-12-19 09:45:36,285 [INFO] Creating order data
2024-12-19 09:45:36,287 [INFO] Placing order for level: {'symbol': 'NSE:NIFTY24D1924350CE', 'qty': 25, 'type': 1, 'side': 1, 'productType': 'INTRADAY', 'limitPrice': 11.5, 'validity': 'DAY'}
2024-12-19 09:45:36,558 [INFO] Handling order response after placing order {'code': -99, 'message': 'RED:Margin Shortfall:INR 277.45 Available:INR 3,656.30 for C-XA46525 [FYERS_RISK_CUG]', 's': 'error', 'id': '24121900090429'}
2024-12-19 09:45:36,558 [INFO] Strategy started for strategy id: 49
2024-12-19 09:45:36,571 [INFO] websocket started
2024-12-19 09:45:36,588 [INFO] New Levels, Current: Level 0 | 12.800 | 49, Next: Level 1 | 11.520 | 49, Previous: None
2024-12-19 09:45:36,591 [INFO] Placing initial market order.. for level: Level 0 | 12.800 | 49
2024-12-19 09:45:36,593 [INFO] Placing initial market order...Level 0 | 12.800 | 49
2024-12-19 09:45:36,596 [DEBUG] Extracting Price for Level: Level 0 | 12.800 | 49
2024-12-19 09:45:36,597 [DEBUG] Order Price: 12.8, Quantity: 25
2024-12-19 09:45:36,597 [INFO] Creating order data
2024-12-19 09:45:36,598 [INFO] Placing order for level: {'symbol': 'NSE:NIFTY24D1924350CE', 'qty': 25, 'type': 2, 'side': 1, 'productType': 'INTRADAY', 'limitPrice': None, 'validity': 'DAY'}
2024-12-19 09:45:36,894 [INFO] Handling order response after placing order {'code': -99, 'message': 'RED:Margin Shortfall:INR 223.70 Available:INR 3,656.30 for C-XA46525 [FYERS_RISK_CUG]', 's': 'error', 'id': '24121900090445'}
2024-12-19 09:45:36,907 [ERROR] Error placing initial market order: Unexpected error during order placement: Order placement failed with status code {'code': -99, 'message': 'RED:Margin Shortfall:INR 223.70 Available:INR 3,656.30 for C-XA46525 [FYERS_RISK_CUG]', 's': 'error', 'id': '24121900090445'}. | Order Details: {'code': -99, 'message': 'RED:Margin Shortfall:INR 223.70 Available:INR 3,656.30 for C-XA46525 [FYERS_RISK_CUG]', 's': 'error', 'id': '24121900090445'} | Order Details: {'side': 1, 'level': <OrderLevel: Level 0 | 12.800 | 49>}
2024-12-19 09:45:36,911 [INFO] Processing next Level Index: 0
2024-12-19 09:45:36,916 [INFO] reached here second time
2024-12-19 09:45:36,937 [INFO] New Levels, Current: Level 0 | 12.800 | 49, Next: Level 1 | 11.520 | 49, Previous: None
2024-12-19 09:45:36,938 [DEBUG] Processing Level: 0, Current: Level 0 | 12.800 | 49, Previous: None, Next: Level 1 | 11.520 | 49
2024-12-19 09:45:36,938 [DEBUG] Extracting Price for Level: Level 1 | 11.520 | 49
2024-12-19 09:45:36,939 [DEBUG] Order Price: 11.5, Quantity: 25
2024-12-19 09:45:36,941 [INFO] Creating order data
2024-12-19 09:45:36,949 [INFO] Placing order for level: {'symbol': 'NSE:NIFTY24D1924350CE', 'qty': 25, 'type': 1, 'side': 1, 'productType': 'INTRADAY', 'limitPrice': 11.5, 'validity': 'DAY'}
2024-12-19 09:45:37,465 [INFO] Handling order response after placing order {'code': -99, 'message': 'RED:Margin Shortfall:INR 277.45 Available:INR 3,656.30 for C-XA46525 [FYERS_RISK_CUG]', 's': 'error', 'id': '24121900090464'}
2024-12-19 09:45:37,483 [INFO] Strategy started for strategy id: 49
2024-12-19 09:45:37,530 [INFO] websocket started
2024-12-19 09:45:37,603 [INFO] New Levels, Current: Level 0 | 12.800 | 49, Next: Level 1 | 11.520 | 49, Previous: None
2024-12-19 09:45:37,710 [INFO] Placing initial market order.. for level: Level 0 | 12.800 | 49
2024-12-19 09:45:37,712 [INFO] Placing initial market order...Level 0 | 12.800 | 49
2024-12-19 09:45:37,713 [DEBUG] Extracting Price for Level: Level 0 | 12.800 | 49
2024-12-19 09:45:37,746 [DEBUG] Order Price: 12.8, Quantity: 25
2024-12-19 09:45:37,747 [INFO] Creating order data
2024-12-19 09:45:37,749 [INFO] Placing order for level: {'symbol': 'NSE:NIFTY24D1924350CE', 'qty': 25, 'type': 2, 'side': 1, 'productType': 'INTRADAY', 'limitPrice': None, 'validity': 'DAY'}
2024-12-19 09:45:38,167 [INFO] Handling order response after placing order {'code': -99, 'message': 'RED:Margin Shortfall:INR 223.70 Available:INR 3,656.30 for C-XA46525 [FYERS_RISK_CUG]', 's': 'error', 'id': '24121900090506'}
2024-12-19 09:45:38,170 [ERROR] Error placing initial market order: Unexpected error during order placement: Order placement failed with status code {'code': -99, 'message': 'RED:Margin Shortfall:INR 223.70 Available:INR 3,656.30 for C-XA46525 [FYERS_RISK_CUG]', 's': 'error', 'id': '24121900090506'}. | Order Details: {'code': -99, 'message': 'RED:Margin Shortfall:INR 223.70 Available:INR 3,656.30 for C-XA46525 [FYERS_RISK_CUG]', 's': 'error', 'id': '24121900090506'} | Order Details: {'side': 1, 'level': <OrderLevel: Level 0 | 12.800 | 49>}
2024-12-19 09:45:38,177 [INFO] Processing next Level Index: 0
2024-12-19 09:45:38,188 [INFO] reached here second time
2024-12-19 09:45:38,259 [INFO] New Levels, Current: Level 0 | 12.800 | 49, Next: Level 1 | 11.520 | 49, Previous: None
2024-12-19 09:45:38,259 [DEBUG] Processing Level: 0, Current: Level 0 | 12.800 | 49, Previous: None, Next: Level 1 | 11.520 | 49
2024-12-19 09:45:38,269 [DEBUG] Extracting Price for Level: Level 1 | 11.520 | 49
2024-12-19 09:45:38,270 [DEBUG] Order Price: 11.5, Quantity: 25
2024-12-19 09:45:38,270 [INFO] Creating order data
2024-12-19 09:45:38,284 [INFO] Placing order for level: {'symbol': 'NSE:NIFTY24D1924350CE', 'qty': 25, 'type': 1, 'side': 1, 'productType': 'INTRADAY', 'limitPrice': 11.5, 'validity': 'DAY'}
2024-12-19 09:45:38,619 [INFO] Handling order response after placing order {'code': -99, 'message': 'RED:Margin Shortfall:INR 277.45 Available:INR 3,656.30 for C-XA46525 [FYERS_RISK_CUG]', 's': 'error', 'id': '24121900090532'}
2024-12-19 09:45:38,620 [INFO] Strategy started for strategy id: 49
2024-12-19 09:45:38,626 [INFO] websocket started
2024-12-19 09:45:38,642 [INFO] New Levels, Current: Level 0 | 12.800 | 49, Next: Level 1 | 11.520 | 49, Previous: None
2024-12-19 09:45:38,644 [INFO] Placing initial market order.. for level: Level 0 | 12.800 | 49
2024-12-19 09:45:38,645 [INFO] Placing initial market order...Level 0 | 12.800 | 49
2024-12-19 09:45:38,645 [DEBUG] Extracting Price for Level: Level 0 | 12.800 | 49
2024-12-19 09:45:38,646 [DEBUG] Order Price: 12.8, Quantity: 25
2024-12-19 09:45:38,646 [INFO] Creating order data
2024-12-19 09:45:38,682 [INFO] Placing order for level: {'symbol': 'NSE:NIFTY24D1924350CE', 'qty': 25, 'type': 2, 'side': 1, 'productType': 'INTRADAY', 'limitPrice': None, 'validity': 'DAY'}
2024-12-19 09:45:38,948 [INFO] Handling order response after placing order {'code': -99, 'message': 'RED:Margin Shortfall:INR 223.70 Available:INR 3,656.30 for C-XA46525 [FYERS_RISK_CUG]', 's': 'error', 'id': '24121900090549'}
2024-12-19 09:45:38,950 [ERROR] Error placing initial market order: Unexpected error during order placement: Order placement failed with status code {'code': -99, 'message': 'RED:Margin Shortfall:INR 223.70 Available:INR 3,656.30 for C-XA46525 [FYERS_RISK_CUG]', 's': 'error', 'id': '24121900090549'}. | Order Details: {'code': -99, 'message': 'RED:Margin Shortfall:INR 223.70 Available:INR 3,656.30 for C-XA46525 [FYERS_RISK_CUG]', 's': 'error', 'id': '24121900090549'} | Order Details: {'side': 1, 'level': <OrderLevel: Level 0 | 12.800 | 49>}
2024-12-19 09:45:38,951 [INFO] Processing next Level Index: 0
2024-12-19 09:45:38,959 [INFO] reached here second time
2024-12-19 09:45:38,972 [INFO] New Levels, Current: Level 0 | 12.800 | 49, Next: Level 1 | 11.520 | 49, Previous: None
2024-12-19 09:45:38,972 [DEBUG] Processing Level: 0, Current: Level 0 | 12.800 | 49, Previous: None, Next: Level 1 | 11.520 | 49
2024-12-19 09:45:38,973 [DEBUG] Extracting Price for Level: Level 1 | 11.520 | 49
2024-12-19 09:45:38,978 [DEBUG] Order Price: 11.5, Quantity: 25
2024-12-19 09:45:38,978 [INFO] Creating order data
2024-12-19 09:45:38,979 [INFO] Placing order for level: {'symbol': 'NSE:NIFTY24D1924350CE', 'qty': 25, 'type': 1, 'side': 1, 'productType': 'INTRADAY', 'limitPrice': 11.5, 'validity': 'DAY'}
2024-12-19 09:45:39,203 [INFO] Handling order response after placing order {'code': -99, 'message': 'RED:Margin Shortfall:INR 277.45 Available:INR 3,656.30 for C-XA46525 [FYERS_RISK_CUG]', 's': 'error', 'id': '24121900090561'}
2024-12-19 09:45:39,204 [INFO] Strategy started for strategy id: 49
2024-12-19 09:45:39,219 [INFO] websocket started
2024-12-19 09:45:39,233 [INFO] New Levels, Current: Level 0 | 12.800 | 49, Next: Level 1 | 11.520 | 49, Previous: None
2024-12-19 09:45:39,233 [INFO] Placing initial market order.. for level: Level 0 | 12.800 | 49
2024-12-19 09:45:39,235 [INFO] Placing initial market order...Level 0 | 12.800 | 49
2024-12-19 09:45:39,236 [DEBUG] Extracting Price for Level: Level 0 | 12.800 | 49
2024-12-19 09:45:39,236 [DEBUG] Order Price: 12.8, Quantity: 25
2024-12-19 09:45:39,237 [INFO] Creating order data
2024-12-19 09:45:39,237 [INFO] Placing order for level: {'symbol': 'NSE:NIFTY24D1924350CE', 'qty': 25, 'type': 2, 'side': 1, 'productType': 'INTRADAY', 'limitPrice': None, 'validity': 'DAY'}
2024-12-19 09:45:39,553 [INFO] Handling order response after placing order {'code': -99, 'message': 'RED:Margin Shortfall:INR 223.70 Available:INR 3,656.30 for C-XA46525 [FYERS_RISK_CUG]', 's': 'error', 'id': '24121900090580'}
2024-12-19 09:45:39,553 [ERROR] Error placing initial market order: Unexpected error during order placement: Order placement failed with status code {'code': -99, 'message': 'RED:Margin Shortfall:INR 223.70 Available:INR 3,656.30 for C-XA46525 [FYERS_RISK_CUG]', 's': 'error', 'id': '24121900090580'}. | Order Details: {'code': -99, 'message': 'RED:Margin Shortfall:INR 223.70 Available:INR 3,656.30 for C-XA46525 [FYERS_RISK_CUG]', 's': 'error', 'id': '24121900090580'} | Order Details: {'side': 1, 'level': <OrderLevel: Level 0 | 12.800 | 49>}
2024-12-19 09:45:39,558 [INFO] Processing next Level Index: 0
2024-12-19 09:45:39,559 [INFO] reached here second time
2024-12-19 09:45:40,025 [INFO] New Levels, Current: Level 0 | 12.800 | 49, Next: Level 1 | 11.520 | 49, Previous: None
2024-12-19 09:45:40,099 [DEBUG] Processing Level: 0, Current: Level 0 | 12.800 | 49, Previous: None, Next: Level 1 | 11.520 | 49
2024-12-19 09:45:40,101 [DEBUG] Extracting Price for Level: Level 1 | 11.520 | 49
2024-12-19 09:45:40,102 [DEBUG] Order Price: 11.5, Quantity: 25
2024-12-19 09:45:40,213 [INFO] Creating order data
2024-12-19 09:45:40,213 [INFO] Placing order for level: {'symbol': 'NSE:NIFTY24D1924350CE', 'qty': 25, 'type': 1, 'side': 1, 'productType': 'INTRADAY', 'limitPrice': 11.5, 'validity': 'DAY'}
2024-12-19 09:45:40,945 [INFO] Handling order response after placing order {'code': -99, 'message': 'RED:Margin Shortfall:INR 277.45 Available:INR 3,656.30 for C-XA46525 [FYERS_RISK_CUG]', 's': 'error', 'id': '24121900090632'}
2024-12-19 09:45:40,950 [INFO] Strategy started for strategy id: 49
2024-12-19 09:45:40,955 [INFO] websocket started
2024-12-19 09:45:40,965 [INFO] New Levels, Current: Level 0 | 12.800 | 49, Next: Level 1 | 11.520 | 49, Previous: None
2024-12-19 09:45:40,967 [INFO] Placing initial market order.. for level: Level 0 | 12.800 | 49
2024-12-19 09:45:40,967 [INFO] Placing initial market order...Level 0 | 12.800 | 49
2024-12-19 09:45:40,967 [DEBUG] Extracting Price for Level: Level 0 | 12.800 | 49
2024-12-19 09:45:40,971 [DEBUG] Order Price: 12.8, Quantity: 25
2024-12-19 09:45:40,971 [INFO] Creating order data
2024-12-19 09:45:40,971 [INFO] Placing order for level: {'symbol': 'NSE:NIFTY24D1924350CE', 'qty': 25, 'type': 2, 'side': 1, 'productType': 'INTRADAY', 'limitPrice': None, 'validity': 'DAY'}
2024-12-19 09:45:41,767 [INFO] Handling order response after placing order {'code': -99, 'message': 'RED:Margin Shortfall:INR 218.70 Available:INR 3,656.30 for C-XA46525 [FYERS_RISK_CUG]', 's': 'error', 'id': '24121900090668'}
2024-12-19 09:45:41,847 [ERROR] Error placing initial market order: Unexpected error during order placement: Order placement failed with status code {'code': -99, 'message': 'RED:Margin Shortfall:INR 218.70 Available:INR 3,656.30 for C-XA46525 [FYERS_RISK_CUG]', 's': 'error', 'id': '24121900090668'}. | Order Details: {'code': -99, 'message': 'RED:Margin Shortfall:INR 218.70 Available:INR 3,656.30 for C-XA46525 [FYERS_RISK_CUG]', 's': 'error', 'id': '24121900090668'} | Order Details: {'side': 1, 'level': <OrderLevel: Level 0 | 12.800 | 49>}
2024-12-19 09:45:41,849 [INFO] Processing next Level Index: 0
2024-12-19 09:45:41,849 [INFO] reached here second time
2024-12-19 09:45:41,869 [INFO] New Levels, Current: Level 0 | 12.800 | 49, Next: Level 1 | 11.520 | 49, Previous: None
2024-12-19 09:45:41,870 [DEBUG] Processing Level: 0, Current: Level 0 | 12.800 | 49, Previous: None, Next: Level 1 | 11.520 | 49
2024-12-19 09:45:41,870 [DEBUG] Extracting Price for Level: Level 1 | 11.520 | 49
2024-12-19 09:45:41,870 [DEBUG] Order Price: 11.5, Quantity: 25
2024-12-19 09:45:41,871 [INFO] Creating order data
2024-12-19 09:45:41,871 [INFO] Placing order for level: {'symbol': 'NSE:NIFTY24D1924350CE', 'qty': 25, 'type': 1, 'side': 1, 'productType': 'INTRADAY', 'limitPrice': 11.5, 'validity': 'DAY'}
