2024-12-18 13:15:34,311 [INFO] Initialized TradingStrategy1 with ID: 46
2024-12-18 13:15:34,313 [INFO] Strategy started for strategy id: 46
2024-12-18 13:15:34,325 [INFO] websocket started
2024-12-18 13:15:34,339 [INFO] New Levels, Current: Level 0 | 24.600 | 46, Next: Level 1 | 22.140 | 46, Previous: None
2024-12-18 13:15:34,340 [INFO] Placing initial market order.. for level: Level 0 | 24.600 | 46
2024-12-18 13:15:34,340 [INFO] Placing initial market order...Level 0 | 24.600 | 46
2024-12-18 13:15:34,341 [DEBUG] Extracting Price for Level: Level 0 | 24.600 | 46
2024-12-18 13:15:34,342 [DEBUG] Order Price: 24.6, Quantity: 25
2024-12-18 13:15:34,344 [INFO] Creating order data
2024-12-18 13:15:34,345 [INFO] Placing order for level: {'symbol': 'NSE:NIFTY24D1924500CE', 'qty': 25, 'type': 2, 'side': 1, 'productType': 'INTRADAY', 'limitPrice': None, 'validity': 'DAY'}
2024-12-18 13:15:34,483 [INFO] Handling order response after placing order {'code': 1101, 'message': 'Successfully placed order', 's': 'ok', 'id': '24121800323655'}
2024-12-18 13:15:34,496 [DEBUG] Entry order object created:.....
2024-12-18 13:15:34,497 [INFO] Processing after placing the order
2024-12-18 13:15:34,498 [DEBUG] Order placed successfully: 24121800323655
2024-12-18 13:15:34,498 [INFO] Processing next Level Index: 0
2024-12-18 13:15:34,499 [INFO] reached here second time
2024-12-18 13:15:34,506 [INFO] New Levels, Current: Level 0 | 24.600 | 46, Next: Level 1 | 22.140 | 46, Previous: None
2024-12-18 13:15:34,507 [DEBUG] Processing Level: 0, Current: Level 0 | 24.600 | 46, Previous: None, Next: Level 1 | 22.140 | 46
2024-12-18 13:15:34,507 [DEBUG] Extracting Price for Level: Level 1 | 22.140 | 46
2024-12-18 13:15:34,508 [DEBUG] Order Price: 22.150000000000002, Quantity: 25
2024-12-18 13:15:34,508 [INFO] Creating order data
2024-12-18 13:15:34,509 [INFO] Placing order for level: {'symbol': 'NSE:NIFTY24D1924500CE', 'qty': 25, 'type': 1, 'side': 1, 'productType': 'INTRADAY', 'limitPrice': 22.150000000000002, 'validity': 'DAY'}
2024-12-18 13:15:34,675 [INFO] Handling order response after placing order {'code': 1101, 'message': 'Successfully placed order', 's': 'ok', 'id': '24121800323663'}
2024-12-18 13:15:34,681 [DEBUG] Entry order object created:.....
2024-12-18 13:15:34,683 [INFO] Processing after placing the order
2024-12-18 13:15:34,685 [DEBUG] Order placed successfully: 24121800323663
2024-12-18 13:15:34,686 [DEBUG] Placing exit order... Level 0 | 24.600 | 46
2024-12-18 13:15:34,688 [DEBUG] Extracting Price for Level: Level 0 | 24.600 | 46
2024-12-18 13:15:34,689 [DEBUG] Order Price: 27.05, Quantity: 25
2024-12-18 13:15:34,689 [INFO] Creating order data
2024-12-18 13:15:34,692 [INFO] Placing order for level: {'symbol': 'NSE:NIFTY24D1924500CE', 'qty': 25, 'type': 1, 'side': -1, 'productType': 'INTRADAY', 'limitPrice': 27.05, 'validity': 'DAY'}
2024-12-18 13:15:34,985 [INFO] Handling order response after placing order {'code': 1101, 'message': 'Successfully placed order', 's': 'ok', 'id': '24121800323671'}
2024-12-18 13:15:34,996 [DEBUG] Exit order object created:.....
2024-12-18 13:15:34,997 [INFO] Processing after placing the order
2024-12-18 13:15:34,998 [DEBUG] Order placed successfully: 24121800323671
2024-12-18 13:15:34,998 [INFO] Both orders sent for level 0: Entry=24121800323663, Exit=24121800323671
2024-12-18 13:21:01,293 [DEBUG] Orders checking: entry_order=24121800323663, exit_order=24121800323671
2024-12-18 13:21:01,293 [INFO] Inside handle entry order: Order placed from websocket {}
2024-12-18 13:21:01,295 [DEBUG] Exit order found Order: Orders object (49)
2024-12-18 13:21:01,295 [INFO] Updating Exit order: Order Level: 24121800323671, Level: 0
2024-12-18 13:21:01,301 [INFO] Exit Order updated successfully: 24121800323671
2024-12-18 13:21:01,301 [INFO] Exit strategy logic triggered
2024-12-18 13:21:01,302 [DEBUG] Exit strategy mechanism triggered
2024-12-18 13:21:01,747 [INFO] Strategy started for strategy id: 46
2024-12-18 13:21:01,748 [INFO] websocket started
2024-12-18 13:21:01,752 [ERROR] Error in strategy: max() arg is an empty sequence
2024-12-18 13:21:01,753 [INFO] Strategy started for strategy id: 46
2024-12-18 13:21:01,754 [INFO] websocket started
2024-12-18 13:21:01,756 [ERROR] Error in strategy: max() arg is an empty sequence
