2024-12-19 13:26:22,516 [INFO] Initialized TradingStrategy1 with ID: 53
2024-12-19 13:26:22,519 [INFO] Strategy started for strategy id: 53
2024-12-19 13:26:22,528 [INFO] websocket started
2024-12-19 13:26:22,557 [INFO] New Levels, Current: Level 0 | 4.500 | 53, Next: Level 1 | 4.050 | 53, Previous: None
2024-12-19 13:26:22,557 [INFO] Placing initial market order.. for level: Level 0 | 4.500 | 53
2024-12-19 13:26:22,558 [INFO] Placing initial market order...Level 0 | 4.500 | 53
2024-12-19 13:26:22,559 [DEBUG] Extracting Price for Level: Level 0 | 4.500 | 53
2024-12-19 13:26:22,560 [DEBUG] Order Price: 4.5, Quantity: 25
2024-12-19 13:26:22,560 [INFO] Creating order data
2024-12-19 13:26:22,561 [INFO] Placing order for level: {'symbol': 'NSE:NIFTY24D1924100CE', 'qty': 25, 'type': 2, 'side': 1, 'productType': 'INTRADAY', 'limitPrice': None, 'validity': 'DAY'}
2024-12-19 13:26:22,853 [INFO] Handling order response after placing order {'code': 1101, 'message': 'Successfully placed order', 's': 'ok', 'id': '24121900323299'}
2024-12-19 13:26:22,864 [DEBUG] Entry order object created:.....
2024-12-19 13:26:22,864 [INFO] Processing after placing the order
2024-12-19 13:26:22,865 [DEBUG] Order placed successfully: 24121900323299
2024-12-19 13:26:22,866 [INFO] Processing next Level Index: 0
2024-12-19 13:26:22,866 [INFO] reached here second time
2024-12-19 13:26:22,874 [INFO] New Levels, Current: Level 0 | 4.500 | 53, Next: Level 1 | 4.050 | 53, Previous: None
2024-12-19 13:26:22,874 [DEBUG] Processing Level: 0, Current: Level 0 | 4.500 | 53, Previous: None, Next: Level 1 | 4.050 | 53
2024-12-19 13:26:22,875 [DEBUG] Extracting Price for Level: Level 1 | 4.050 | 53
2024-12-19 13:26:22,876 [DEBUG] Order Price: 4.05, Quantity: 25
2024-12-19 13:26:22,876 [INFO] Creating order data
2024-12-19 13:26:22,876 [INFO] Placing order for level: {'symbol': 'NSE:NIFTY24D1924100CE', 'qty': 25, 'type': 1, 'side': 1, 'productType': 'INTRADAY', 'limitPrice': 4.05, 'validity': 'DAY'}
2024-12-19 13:26:23,136 [INFO] Handling order response after placing order {'code': 1101, 'message': 'Successfully placed order', 's': 'ok', 'id': '24121900323306'}
2024-12-19 13:26:23,150 [DEBUG] Entry order object created:.....
2024-12-19 13:26:23,151 [INFO] Processing after placing the order
2024-12-19 13:26:23,152 [DEBUG] Order placed successfully: 24121900323306
2024-12-19 13:26:23,153 [DEBUG] Placing exit order... Level 0 | 4.500 | 53
2024-12-19 13:26:23,153 [DEBUG] Extracting Price for Level: Level 0 | 4.500 | 53
2024-12-19 13:26:23,154 [DEBUG] Order Price: 4.95, Quantity: 25
2024-12-19 13:26:23,154 [INFO] Creating order data
2024-12-19 13:26:23,160 [INFO] Placing order for level: {'symbol': 'NSE:NIFTY24D1924100CE', 'qty': 25, 'type': 1, 'side': -1, 'productType': 'INTRADAY', 'limitPrice': 4.95, 'validity': 'DAY'}
2024-12-19 13:26:23,431 [INFO] Handling order response after placing order {'code': 1101, 'message': 'Successfully placed order', 's': 'ok', 'id': '24121900323307'}
2024-12-19 13:26:23,441 [DEBUG] Exit order object created:.....
2024-12-19 13:26:23,442 [INFO] Processing after placing the order
2024-12-19 13:26:23,443 [DEBUG] Order placed successfully: 24121900323307
2024-12-19 13:26:23,444 [INFO] Both orders sent for level 0: Entry=24121900323306, Exit=24121900323307
2024-12-19 13:26:51,877 [DEBUG] Message received: {'s': 'ok', 'orders': {'clientId': 'XA46525', 'id': '24121900323306', 'exchOrdId': '1200000141966522', 'qty': 25, 'filledQty': 25, 'limitPrice': 4.05, 'tradedPrice': 4.05, 'type': 1, 'fyToken': '101124121947387', 'exchange': 10, 'segment': 11, 'symbol': 'NSE:NIFTY24D1924100CE', 'instrument': 14, 'offlineOrder': False, 'orderDateTime': '19-Dec-2024 13:26:54', 'orderValidity': 'DAY', 'productType': 'INTRADAY', 'side': 1, 'status': 2, 'source': 'API', 'ex_sym': 'NIFTY', 'description': '24 Dec 19 24100 CE', 'orderTag': '2:Untagged', 'orderNumStatus': '24121900323306:2'}}
2024-12-19 13:26:51,878 [DEBUG] Orders checking: entry_order=24121900323306, exit_order=24121900323307
2024-12-19 13:26:51,878 [INFO] Processing entry order: 24121900323306
2024-12-19 13:26:51,880 [INFO] Inside handle entry order: Order placed from websocket {}
2024-12-19 13:26:51,883 [DEBUG] Entry order received for next level Orders object (115), Level: Level 0 | 4.500 | 53
2024-12-19 13:26:51,889 [INFO] Order Updated successfully: Entry Order:24121900323306 Level Level 0 | 4.500 | 53
2024-12-19 13:26:51,889 [DEBUG] Cancelling order 24121900323307
2024-12-19 13:26:52,070 [DEBUG] Cancelled order response: {'code': 1103, 'message': 'Successfully cancelled order', 's': 'ok', 'id': '24121900323307'}
2024-12-19 13:26:52,070 [INFO] Processing next level... 1
2024-12-19 13:26:52,071 [INFO] reached here second time
2024-12-19 13:26:52,081 [INFO] New Levels, Current: Level 1 | 4.050 | 53, Next: Level 2 | 3.600 | 53, Previous: Level 0 | 4.500 | 53
2024-12-19 13:26:52,081 [DEBUG] Processing Level: 1, Current: Level 1 | 4.050 | 53, Previous: Level 0 | 4.500 | 53, Next: Level 2 | 3.600 | 53
2024-12-19 13:26:52,081 [DEBUG] Extracting Price for Level: Level 2 | 3.600 | 53
2024-12-19 13:26:52,082 [DEBUG] Order Price: 3.6, Quantity: 25
2024-12-19 13:26:52,082 [INFO] Creating order data
2024-12-19 13:26:52,083 [INFO] Placing order for level: {'symbol': 'NSE:NIFTY24D1924100CE', 'qty': 25, 'type': 1, 'side': 1, 'productType': 'INTRADAY', 'limitPrice': 3.6, 'validity': 'DAY'}
2024-12-19 13:26:52,321 [INFO] Handling order response after placing order {'code': 1101, 'message': 'Successfully placed order', 's': 'ok', 'id': '24121900323800'}
2024-12-19 13:26:52,329 [DEBUG] Entry order object created:.....
2024-12-19 13:26:52,330 [INFO] Processing after placing the order
2024-12-19 13:26:52,331 [DEBUG] Order placed successfully: 24121900323800
2024-12-19 13:26:52,332 [DEBUG] Placing exit order... Level 1 | 4.050 | 53
2024-12-19 13:26:52,333 [DEBUG] Extracting Price for Level: Level 1 | 4.050 | 53
2024-12-19 13:26:52,333 [DEBUG] Order Price: 4.45, Quantity: 25
2024-12-19 13:26:52,334 [INFO] Creating order data
2024-12-19 13:26:52,334 [INFO] Placing order for level: {'symbol': 'NSE:NIFTY24D1924100CE', 'qty': 25, 'type': 1, 'side': -1, 'productType': 'INTRADAY', 'limitPrice': 4.45, 'validity': 'DAY'}
2024-12-19 13:26:52,553 [INFO] Handling order response after placing order {'code': 1101, 'message': 'Successfully placed order', 's': 'ok', 'id': '24121900323805'}
2024-12-19 13:26:52,561 [DEBUG] Exit order object created:.....
2024-12-19 13:26:52,564 [INFO] Processing after placing the order
2024-12-19 13:26:52,565 [DEBUG] Order placed successfully: 24121900323805
2024-12-19 13:26:52,566 [INFO] Both orders sent for level 1: Entry=24121900323800, Exit=24121900323805
2024-12-19 13:28:23,748 [DEBUG] Message received: {'s': 'ok', 'orders': {'clientId': 'XA46525', 'id': '24121900323800', 'exchOrdId': '1200000142135811', 'qty': 25, 'filledQty': 25, 'limitPrice': 3.6, 'tradedPrice': 3.6, 'type': 1, 'fyToken': '101124121947387', 'exchange': 10, 'segment': 11, 'symbol': 'NSE:NIFTY24D1924100CE', 'instrument': 14, 'offlineOrder': False, 'orderDateTime': '19-Dec-2024 13:28:26', 'orderValidity': 'DAY', 'productType': 'INTRADAY', 'side': 1, 'status': 2, 'source': 'API', 'ex_sym': 'NIFTY', 'description': '24 Dec 19 24100 CE', 'orderTag': '2:Untagged', 'orderNumStatus': '24121900323800:2'}}
2024-12-19 13:28:23,749 [DEBUG] Orders checking: entry_order=24121900323800, exit_order=24121900323805
2024-12-19 13:28:23,754 [INFO] Processing entry order: 24121900323800
2024-12-19 13:28:23,756 [INFO] Inside handle entry order: Order placed from websocket {}
2024-12-19 13:28:23,761 [DEBUG] Entry order received for next level Orders object (116), Level: Level 1 | 4.050 | 53
2024-12-19 13:28:23,770 [INFO] Order Updated successfully: Entry Order:24121900323800 Level Level 1 | 4.050 | 53
2024-12-19 13:28:23,772 [DEBUG] Cancelling order 24121900323805
2024-12-19 13:28:23,905 [DEBUG] Cancelled order response: {'code': 1103, 'message': 'Successfully cancelled order', 's': 'ok', 'id': '24121900323805'}
2024-12-19 13:28:23,906 [INFO] Processing next level... 2
2024-12-19 13:28:23,906 [INFO] reached here second time
2024-12-19 13:28:23,917 [INFO] New Levels, Current: Level 2 | 3.600 | 53, Next: Level 3 | 3.150 | 53, Previous: Level 1 | 4.050 | 53
2024-12-19 13:28:23,918 [DEBUG] Processing Level: 2, Current: Level 2 | 3.600 | 53, Previous: Level 1 | 4.050 | 53, Next: Level 3 | 3.150 | 53
2024-12-19 13:28:23,918 [DEBUG] Extracting Price for Level: Level 3 | 3.150 | 53
2024-12-19 13:28:23,919 [DEBUG] Order Price: 3.1500000000000004, Quantity: 25
2024-12-19 13:28:23,919 [INFO] Creating order data
2024-12-19 13:28:23,921 [INFO] Placing order for level: {'symbol': 'NSE:NIFTY24D1924100CE', 'qty': 25, 'type': 1, 'side': 1, 'productType': 'INTRADAY', 'limitPrice': 3.1500000000000004, 'validity': 'DAY'}
2024-12-19 13:28:24,176 [INFO] Handling order response after placing order {'code': 1101, 'message': 'Successfully placed order', 's': 'ok', 'id': '24121900324923'}
2024-12-19 13:28:24,186 [DEBUG] Entry order object created:.....
2024-12-19 13:28:24,187 [INFO] Processing after placing the order
2024-12-19 13:28:24,187 [DEBUG] Order placed successfully: 24121900324923
2024-12-19 13:28:24,188 [DEBUG] Placing exit order... Level 2 | 3.600 | 53
2024-12-19 13:28:24,188 [DEBUG] Extracting Price for Level: Level 2 | 3.600 | 53
2024-12-19 13:28:24,189 [DEBUG] Order Price: 3.95, Quantity: 25
2024-12-19 13:28:24,189 [INFO] Creating order data
2024-12-19 13:28:24,190 [INFO] Placing order for level: {'symbol': 'NSE:NIFTY24D1924100CE', 'qty': 25, 'type': 1, 'side': -1, 'productType': 'INTRADAY', 'limitPrice': 3.95, 'validity': 'DAY'}
2024-12-19 13:28:24,455 [INFO] Handling order response after placing order {'code': 1101, 'message': 'Successfully placed order', 's': 'ok', 'id': '24121900324931'}
2024-12-19 13:28:24,468 [DEBUG] Exit order object created:.....
2024-12-19 13:28:24,469 [INFO] Processing after placing the order
2024-12-19 13:28:24,469 [DEBUG] Order placed successfully: 24121900324931
2024-12-19 13:28:24,469 [INFO] Both orders sent for level 2: Entry=24121900324923, Exit=24121900324931
